Payload gửi đến Flask cho Thành phố Hồ Chí Minh: {"historical_data":[{"date":"2025-05-18","temperature":30.04,"humidity":75,"wind_speed":2.24,"condition":"overcast clouds"},{"date":"2025-05-17","temperature":31.71,"humidity":69,"wind_speed":1.34,"condition":"overcast clouds"},{"date":"2025-05-16","temperature":33.93,"humidity":65,"wind_speed":2.68,"condition":"overcast clouds"},{"date":"2025-05-15","temperature":30.04,"humidity":77,"wind_speed":2.24,"condition":"overcast clouds"},{"date":"2025-05-14","temperature":33.93,"humidity":66,"wind_speed":2.24,"condition":"overcast clouds"},{"date":"2025-05-13","temperature":31.15,"humidity":70,"wind_speed":2.68,"condition":"light rain"},{"date":"2025-05-11","temperature":31.71,"humidity":73,"wind_speed":3.6,"condition":"few clouds"}],"current_temp":28.93,"current_humidity":79,"current_condition":"overcast clouds","current_wind_speed":1.34,"days_ahead":3}Flask Response for http://localhost:5000/predict (HTTP 200): {
  "predictions": [
    {
      "condition": "unknown",
      "date": "2025-05-20",
      "humidity": 68.78,
      "temperature": 33,
      "wind_speed": 2.24
    },
    {
      "condition": "unknown",
      "date": "2025-05-21",
      "humidity": 66.12,
      "temperature": 30,
      "wind_speed": 2.68
    },
    {
      "condition": "unknown",
      "date": "2025-05-22",
      "humidity": 75.1,
      "temperature": 33,
      "wind_speed": 2.68
    }
  ]
}
Payload gửi đến Flask cho Sơn La: {"historical_data":[{"date":"2025-05-18","temperature":23.65,"humidity":87,"wind_speed":1.12,"condition":"broken clouds"},{"date":"2025-05-17","temperature":25.55,"humidity":80,"wind_speed":0.21,"condition":"overcast clouds"},{"date":"2025-05-16","temperature":30.01,"humidity":54,"wind_speed":0.57,"condition":"overcast clouds"},{"date":"2025-05-15","temperature":22.71,"humidity":92,"wind_speed":0.77,"condition":"moderate rain"},{"date":"2025-05-14","temperature":32.35,"humidity":46,"wind_speed":0.71,"condition":"broken clouds"},{"date":"2025-05-13","temperature":27.95,"humidity":61,"wind_speed":1.38,"condition":"overcast clouds"},{"date":"2025-05-11","temperature":20.91,"humidity":83,"wind_speed":2.19,"condition":"broken clouds"}],"current_temp":21.44,"current_humidity":98,"current_condition":"light rain","current_wind_speed":0.93,"days_ahead":3}Flask Response for http://localhost:5000/predict (HTTP 200): {
  "predictions": [
    {
      "condition": "unknown",
      "date": "2025-05-20",
      "humidity": 55.06,
      "temperature": 29,
      "wind_speed": 0.83
    },
    {
      "condition": "unknown",
      "date": "2025-05-21",
      "humidity": 60.35,
      "temperature": 27,
      "wind_speed": 1.12
    },
    {
      "condition": "unknown",
      "date": "2025-05-22",
      "humidity": 88.14,
      "temperature": 23,
      "wind_speed": 0.96
    }
  ]
}
Payload gửi đến Flask cho Hà Nội: {"historical_data":[{"date":"2025-05-18","temperature":25.54,"humidity":95,"wind_speed":1.96,"condition":"moderate rain"},{"date":"2025-05-17","temperature":28.88,"humidity":76,"wind_speed":1.9,"condition":"overcast clouds"},{"date":"2025-05-16","temperature":30.63,"humidity":71,"wind_speed":3.65,"condition":"broken clouds"},{"date":"2025-05-15","temperature":25.56,"humidity":95,"wind_speed":2.82,"condition":"moderate rain"},{"date":"2025-05-14","temperature":30.96,"humidity":61,"wind_speed":2.95,"condition":"broken clouds"},{"date":"2025-05-13","temperature":29.07,"humidity":61,"wind_speed":6.08,"condition":"broken clouds"},{"date":"2025-05-11","temperature":26,"humidity":63,"wind_speed":2.17,"condition":"overcast clouds"}],"current_temp":25.54,"current_humidity":95,"current_condition":"moderate rain","current_wind_speed":1.96,"days_ahead":3}Flask Response for http://localhost:5000/predict (HTTP 200): {
  "predictions": [
    {
      "condition": "unknown",
      "date": "2025-05-20",
      "humidity": 61.12,
      "temperature": 29,
      "wind_speed": 6.06
    },
    {
      "condition": "unknown",
      "date": "2025-05-21",
      "humidity": 62.73,
      "temperature": 26,
      "wind_speed": 2.95
    },
    {
      "condition": "unknown",
      "date": "2025-05-22",
      "humidity": 66.86,
      "temperature": 30,
      "wind_speed": 2.7
    }
  ]
}
Payload gửi đến Flask cho Hà Nội: {"historical_data":[{"date":"2025-05-18","temperature":25.54,"humidity":95,"wind_speed":1.96,"condition":"moderate rain"},{"date":"2025-05-17","temperature":28.88,"humidity":76,"wind_speed":1.9,"condition":"overcast clouds"},{"date":"2025-05-16","temperature":30.63,"humidity":71,"wind_speed":3.65,"condition":"broken clouds"},{"date":"2025-05-15","temperature":25.56,"humidity":95,"wind_speed":2.82,"condition":"moderate rain"},{"date":"2025-05-14","temperature":30.96,"humidity":61,"wind_speed":2.95,"condition":"broken clouds"},{"date":"2025-05-13","temperature":29.07,"humidity":61,"wind_speed":6.08,"condition":"broken clouds"},{"date":"2025-05-11","temperature":26,"humidity":63,"wind_speed":2.17,"condition":"overcast clouds"}],"current_temp":25.54,"current_humidity":95,"current_condition":"moderate rain","current_wind_speed":1.96,"days_ahead":3}Flask Response for http://localhost:5000/predict (HTTP 200): {
  "predictions": [
    {
      "condition": "unknown",
      "date": "2025-05-20",
      "humidity": 61.12,
      "temperature": 29,
      "wind_speed": 6.06
    },
    {
      "condition": "unknown",
      "date": "2025-05-21",
      "humidity": 62.73,
      "temperature": 26,
      "wind_speed": 2.95
    },
    {
      "condition": "unknown",
      "date": "2025-05-22",
      "humidity": 66.86,
      "temperature": 30,
      "wind_speed": 2.7
    }
  ]
}
Payload gửi đến Flask cho Hà Nội: {"historical_data":[{"date":"2025-05-18","temperature":25.54,"humidity":95,"wind_speed":1.96,"condition":"moderate rain"},{"date":"2025-05-17","temperature":28.88,"humidity":76,"wind_speed":1.9,"condition":"overcast clouds"},{"date":"2025-05-16","temperature":30.63,"humidity":71,"wind_speed":3.65,"condition":"broken clouds"},{"date":"2025-05-15","temperature":25.56,"humidity":95,"wind_speed":2.82,"condition":"moderate rain"},{"date":"2025-05-14","temperature":30.96,"humidity":61,"wind_speed":2.95,"condition":"broken clouds"},{"date":"2025-05-13","temperature":29.07,"humidity":61,"wind_speed":6.08,"condition":"broken clouds"},{"date":"2025-05-11","temperature":26,"humidity":63,"wind_speed":2.17,"condition":"overcast clouds"}],"current_temp":25.54,"current_humidity":95,"current_condition":"moderate rain","current_wind_speed":1.96,"days_ahead":3}Flask Response for http://localhost:5000/predict (HTTP 200): {
  "predictions": [
    {
      "condition": "unknown",
      "date": "2025-05-20",
      "humidity": 61.12,
      "temperature": 29,
      "wind_speed": 6.06
    },
    {
      "condition": "unknown",
      "date": "2025-05-21",
      "humidity": 62.73,
      "temperature": 26,
      "wind_speed": 2.95
    },
    {
      "condition": "unknown",
      "date": "2025-05-22",
      "humidity": 66.86,
      "temperature": 31,
      "wind_speed": 2.7
    }
  ]
}
Payload gửi đến Flask cho Hà Nội: {"historical_data":[{"date":"2025-05-18","temperature":25.54,"humidity":95,"wind_speed":1.96,"condition":"moderate rain"},{"date":"2025-05-17","temperature":28.88,"humidity":76,"wind_speed":1.9,"condition":"overcast clouds"},{"date":"2025-05-16","temperature":30.63,"humidity":71,"wind_speed":3.65,"condition":"broken clouds"},{"date":"2025-05-15","temperature":25.56,"humidity":95,"wind_speed":2.82,"condition":"moderate rain"},{"date":"2025-05-14","temperature":30.96,"humidity":61,"wind_speed":2.95,"condition":"broken clouds"},{"date":"2025-05-13","temperature":29.07,"humidity":61,"wind_speed":6.08,"condition":"broken clouds"},{"date":"2025-05-11","temperature":26,"humidity":63,"wind_speed":2.17,"condition":"overcast clouds"}],"current_temp":25.54,"current_humidity":95,"current_condition":"moderate rain","current_wind_speed":1.96,"days_ahead":3}Flask Response for http://localhost:5000/predict (HTTP 0): Payload gửi đến Flask cho Hà Nội: {"historical_data":[{"date":"2025-05-18","temperature":25.54,"humidity":95,"wind_speed":1.96,"condition":"moderate rain"},{"date":"2025-05-17","temperature":28.88,"humidity":76,"wind_speed":1.9,"condition":"overcast clouds"},{"date":"2025-05-16","temperature":30.63,"humidity":71,"wind_speed":3.65,"condition":"broken clouds"},{"date":"2025-05-15","temperature":25.56,"humidity":95,"wind_speed":2.82,"condition":"moderate rain"},{"date":"2025-05-14","temperature":30.96,"humidity":61,"wind_speed":2.95,"condition":"broken clouds"},{"date":"2025-05-13","temperature":29.07,"humidity":61,"wind_speed":6.08,"condition":"broken clouds"},{"date":"2025-05-11","temperature":26,"humidity":63,"wind_speed":2.17,"condition":"overcast clouds"}],"current_temp":25.54,"current_humidity":95,"current_condition":"moderate rain","current_wind_speed":1.96,"days_ahead":3}Flask Response for http://localhost:5000/predict (HTTP 200): {
  "predictions": [
    {
      "condition": "unknown",
      "date": "2025-05-20",
      "humidity": 61.12,
      "temperature": 29.27,
      "wind_speed": 6.06
    },
    {
      "condition": "unknown",
      "date": "2025-05-21",
      "humidity": 62.73,
      "temperature": 26.0,
      "wind_speed": 2.95
    },
    {
      "condition": "unknown",
      "date": "2025-05-22",
      "humidity": 66.86,
      "temperature": 30.73,
      "wind_speed": 2.7
    }
  ]
}
