Invalid controller: WeatherController, URL: /weather_forecast/Invalid controller: JsController, URL: /weather_forecast/js/Specificallyforecast.jsInvalid controller: JsController, URL: /weather_forecast/js/date.jsKhông thể lấy dữ liệu thời tiết cho thành phố Bình PhướcKhông thể lấy dữ liệu thời tiết cho thành phố Bình ThuậnKhông thể lấy dữ liệu thời tiết cho thành phố Đắk LắkKhông thể lấy dữ liệu thời tiết cho thành phố Đắk NôngKhông thể lấy dữ liệu thời tiết cho thành phố Điện BiênKhông thể lấy dữ liệu thời tiết cho thành phố Đồng NaiKhông thể lấy dữ liệu thời tiết cho thành phố Đồng ThápKhông thể lấy dữ liệu thời tiết cho thành phố Hải DươngKhông thể lấy dữ liệu thời tiết cho thành phố Hậu GiangKhông thể lấy dữ liệu thời tiết cho thành phố Kiên GiangKhông thể lấy dữ liệu thời tiết cho thành phố Lâm ĐồngKhông thể lấy dữ liệu thời tiết cho thành phố Nghệ AnKhông thể lấy dữ liệu thời tiết cho thành phố Ninh ThuậnKhông thể lấy dữ liệu thời tiết cho thành phố Quảng BìnhKhông thể lấy dữ liệu thời tiết cho thành phố Quảng NamKhông thể lấy dữ liệu thời tiết cho thành phố Quảng NinhKhông thể lấy dữ liệu thời tiết cho thành phố Thừa Thiên HuếKhông thể lấy dữ liệu thời tiết cho thành phố Tiền GiangKhông thể lấy dữ liệu thời tiết cho thành phố Phú YênInvalid controller: LogoutController, URL: /weather_forecast/logoutInvalid controller: JsController, URL: /weather_forecast/js/date.jsInvalid controller: JsController, URL: /weather_forecast/js/Specificallyforecast.jsInvalid controller: WeatherController, URL: /weather_forecast/Invalid controller: JsController, URL: /weather_forecast/js/date.jsInvalid controller: JsController, URL: /weather_forecast/js/Specificallyforecast.jsLỗi khi gọi Flask AI: HTTP 0 - Lỗi từ Flask AI cho tỉnh An Giang: Lỗi từ Flask AILỗi khi gọi Flask AI: HTTP 0 - Lỗi từ Flask AI cho tỉnh Bắc Giang: Lỗi từ Flask AILỗi khi gọi Flask AI: HTTP 0 - Lỗi từ Flask AI cho tỉnh Bắc Kạn: Lỗi từ Flask AILỗi khi gọi Flask AI: HTTP 0 - Lỗi từ Flask AI cho tỉnh Bạc Liêu: Lỗi từ Flask AILỗi khi gọi Flask AI: HTTP 0 - Lỗi từ Flask AI cho tỉnh Bắc Ninh: Lỗi từ Flask AILỗi khi gọi Flask AI: HTTP 0 - Lỗi từ Flask AI cho tỉnh Bến Tre: Lỗi từ Flask AILỗi khi gọi Flask AI: HTTP 0 - Lỗi từ Flask AI cho tỉnh Bình Định: Lỗi từ Flask AILỗi khi gọi Flask AI: HTTP 0 - Lỗi từ Flask AI cho tỉnh Bình Dương: Lỗi từ Flask AILỗi khi gọi Flask AI: HTTP 0 - Lỗi từ Flask AI cho tỉnh Cà Mau: Lỗi từ Flask AILỗi khi gọi Flask AI: HTTP 0 - Lỗi từ Flask AI cho tỉnh Cần Thơ: Lỗi từ Flask AILỗi khi gọi Flask AI: HTTP 0 - Lỗi từ Flask AI cho tỉnh Cao Bằng: Lỗi từ Flask AILỗi khi gọi Flask AI: HTTP 0 - Lỗi từ Flask AI cho tỉnh Đà Nẵng: Lỗi từ Flask AILỗi khi gọi Flask AI: HTTP 0 - Lỗi từ Flask AI cho tỉnh Gia Lai: Lỗi từ Flask AILỗi khi gọi Flask AI: HTTP 0 - Lỗi từ Flask AI cho tỉnh Hà Giang: Lỗi từ Flask AILỗi khi gọi Flask AI: HTTP 0 - Lỗi từ Flask AI cho tỉnh Hà Nam: Lỗi từ Flask AILỗi khi gọi Flask AI: HTTP 0 - Lỗi từ Flask AI cho tỉnh Hà Nội: Lỗi từ Flask AILỗi khi gọi Flask AI: HTTP 0 - Lỗi từ Flask AI cho tỉnh Hà Tĩnh: Lỗi từ Flask AILỗi khi gọi Flask AI: HTTP 0 - Lỗi từ Flask AI cho tỉnh Hải Phòng: Lỗi từ Flask AILỗi khi gọi Flask AI: HTTP 0 - Lỗi từ Flask AI cho tỉnh Hòa Bình: Lỗi từ Flask AILỗi khi gọi Flask AI: HTTP 0 - Lỗi từ Flask AI cho tỉnh Hưng Yên: Lỗi từ Flask AILỗi khi gọi Flask AI: HTTP 0 - Lỗi từ Flask AI cho tỉnh Khánh Hòa: Lỗi từ Flask AILỗi khi gọi Flask AI: HTTP 0 - Lỗi từ Flask AI cho tỉnh Kon Tum: Lỗi từ Flask AILỗi khi gọi Flask AI: HTTP 0 - Lỗi từ Flask AI cho tỉnh Lai Châu: Lỗi từ Flask AILỗi khi gọi Flask AI: HTTP 0 - Lỗi từ Flask AI cho tỉnh Lạng Sơn: Lỗi từ Flask AILỗi khi gọi Flask AI: HTTP 0 - Lỗi từ Flask AI cho tỉnh Lào Cai: Lỗi từ Flask AILỗi khi gọi Flask AI: HTTP 0 - Lỗi từ Flask AI cho tỉnh Long An: Lỗi từ Flask AILỗi khi gọi Flask AI: HTTP 0 - Lỗi từ Flask AI cho tỉnh Nam Định: Lỗi từ Flask AILỗi khi gọi Flask AI: HTTP 0 - Lỗi từ Flask AI cho tỉnh Ninh Bình: Lỗi từ Flask AILỗi khi gọi Flask AI: HTTP 0 - Lỗi từ Flask AI cho tỉnh Phú Thọ: Lỗi từ Flask AILỗi khi gọi Flask AI: HTTP 0 - Lỗi từ Flask AI cho tỉnh Quảng Ngãi: Lỗi từ Flask AILỗi khi gọi Flask AI: HTTP 0 - Lỗi từ Flask AI cho tỉnh Quảng Trị: Lỗi từ Flask AILỗi khi gọi Flask AI: HTTP 0 - Lỗi từ Flask AI cho tỉnh Sóc Trăng: Lỗi từ Flask AILỗi khi gọi Flask AI: HTTP 0 - Lỗi từ Flask AI cho tỉnh Sơn La: Lỗi từ Flask AILỗi khi gọi Flask AI: HTTP 0 - Lỗi từ Flask AI cho tỉnh Tây Ninh: Lỗi từ Flask AILỗi khi gọi Flask AI: HTTP 0 - Lỗi từ Flask AI cho tỉnh Thái Bình: Lỗi từ Flask AILỗi khi gọi Flask AI: HTTP 0 - Lỗi từ Flask AI cho tỉnh Thái Nguyên: Lỗi từ Flask AILỗi khi gọi Flask AI: HTTP 0 - Lỗi từ Flask AI cho tỉnh Thanh Hóa: Lỗi từ Flask AILỗi khi gọi Flask AI: HTTP 0 - Lỗi từ Flask AI cho tỉnh Thành phố Hồ Chí Minh: Lỗi từ Flask AILỗi khi gọi Flask AI: HTTP 0 - Lỗi từ Flask AI cho tỉnh Trà Vinh: Lỗi từ Flask AILỗi khi gọi Flask AI: HTTP 0 - Lỗi từ Flask AI cho tỉnh Tuyên Quang: Lỗi từ Flask AILỗi khi gọi Flask AI: HTTP 0 - Lỗi từ Flask AI cho tỉnh Vĩnh Long: Lỗi từ Flask AILỗi khi gọi Flask AI: HTTP 0 - Lỗi từ Flask AI cho tỉnh Vĩnh Phúc: Lỗi từ Flask AILỗi khi gọi Flask AI: HTTP 0 - Lỗi từ Flask AI cho tỉnh Vũng Tàu: Lỗi từ Flask AILỗi khi gọi Flask AI: HTTP 0 - Lỗi từ Flask AI cho tỉnh Yên Bái: Lỗi từ Flask AIInvalid controller: WeatherController, URL: /weather_forecast/Invalid controller: JsController, URL: /weather_forecast/js/date.jsInvalid controller: JsController, URL: /weather_forecast/js/Specificallyforecast.jsLỗi khi gọi Flask AI: HTTP 500 - {
  "error": "value 0 for Parameter num_class should be greater equal to 1\nnum_class: Number of output class in the multi-class classification."
}
Lỗi từ Flask AI cho tỉnh An Giang: Lỗi HTTP 500 - {
  "error": "value 0 for Parameter num_class should be greater equal to 1\nnum_class: Number of output class in the multi-class classification."
}
Lỗi khi gọi Flask AI: HTTP 500 - {
  "error": "value 0 for Parameter num_class should be greater equal to 1\nnum_class: Number of output class in the multi-class classification."
}
Lỗi từ Flask AI cho tỉnh Bắc Giang: Lỗi HTTP 500 - {
  "error": "value 0 for Parameter num_class should be greater equal to 1\nnum_class: Number of output class in the multi-class classification."
}
Lỗi khi gọi Flask AI: HTTP 500 - {
  "error": "value 0 for Parameter num_class should be greater equal to 1\nnum_class: Number of output class in the multi-class classification."
}
Lỗi từ Flask AI cho tỉnh Bắc Kạn: Lỗi HTTP 500 - {
  "error": "value 0 for Parameter num_class should be greater equal to 1\nnum_class: Number of output class in the multi-class classification."
}
Lỗi khi gọi Flask AI: HTTP 500 - {
  "error": "Object of type float32 is not JSON serializable"
}
Lỗi từ Flask AI cho tỉnh Bạc Liêu: Lỗi HTTP 500 - {
  "error": "Object of type float32 is not JSON serializable"
}
Lỗi khi gọi Flask AI: HTTP 500 - {
  "error": "Object of type float32 is not JSON serializable"
}
Lỗi từ Flask AI cho tỉnh Bắc Ninh: Lỗi HTTP 500 - {
  "error": "Object of type float32 is not JSON serializable"
}
Lỗi khi gọi Flask AI: HTTP 500 - {
  "error": "Object of type float32 is not JSON serializable"
}
Lỗi từ Flask AI cho tỉnh Bến Tre: Lỗi HTTP 500 - {
  "error": "Object of type float32 is not JSON serializable"
}
Lỗi khi gọi Flask AI: HTTP 500 - {
  "error": "Object of type float32 is not JSON serializable"
}
Lỗi từ Flask AI cho tỉnh Bình Định: Lỗi HTTP 500 - {
  "error": "Object of type float32 is not JSON serializable"
}
Lỗi khi gọi Flask AI: HTTP 500 - {
  "error": "Object of type float32 is not JSON serializable"
}
Lỗi từ Flask AI cho tỉnh Bình Dương: Lỗi HTTP 500 - {
  "error": "Object of type float32 is not JSON serializable"
}
Lỗi khi gọi Flask AI: HTTP 500 - {
  "error": "Object of type float32 is not JSON serializable"
}
Lỗi từ Flask AI cho tỉnh Cà Mau: Lỗi HTTP 500 - {
  "error": "Object of type float32 is not JSON serializable"
}
Lỗi khi gọi Flask AI: HTTP 500 - {
  "error": "Object of type float32 is not JSON serializable"
}
Lỗi từ Flask AI cho tỉnh Cần Thơ: Lỗi HTTP 500 - {
  "error": "Object of type float32 is not JSON serializable"
}
Lỗi khi gọi Flask AI: HTTP 500 - {
  "error": "Object of type float32 is not JSON serializable"
}
Lỗi từ Flask AI cho tỉnh Cao Bằng: Lỗi HTTP 500 - {
  "error": "Object of type float32 is not JSON serializable"
}
Lỗi khi gọi Flask AI: HTTP 500 - {
  "error": "Object of type float32 is not JSON serializable"
}
Lỗi từ Flask AI cho tỉnh Đà Nẵng: Lỗi HTTP 500 - {
  "error": "Object of type float32 is not JSON serializable"
}
Lỗi khi gọi Flask AI: HTTP 500 - {
  "error": "Object of type float32 is not JSON serializable"
}
Lỗi từ Flask AI cho tỉnh Gia Lai: Lỗi HTTP 500 - {
  "error": "Object of type float32 is not JSON serializable"
}
Lỗi khi gọi Flask AI: HTTP 500 - {
  "error": "Object of type float32 is not JSON serializable"
}
Lỗi từ Flask AI cho tỉnh Hà Giang: Lỗi HTTP 500 - {
  "error": "Object of type float32 is not JSON serializable"
}
Lỗi khi gọi Flask AI: HTTP 500 - {
  "error": "Object of type float32 is not JSON serializable"
}
Lỗi từ Flask AI cho tỉnh Hà Nam: Lỗi HTTP 500 - {
  "error": "Object of type float32 is not JSON serializable"
}
Lỗi khi gọi Flask AI: HTTP 500 - {
  "error": "Object of type float32 is not JSON serializable"
}
Lỗi từ Flask AI cho tỉnh Hà Nội: Lỗi HTTP 500 - {
  "error": "Object of type float32 is not JSON serializable"
}
Lỗi khi gọi Flask AI: HTTP 500 - {
  "error": "Object of type float32 is not JSON serializable"
}
Lỗi từ Flask AI cho tỉnh Hà Tĩnh: Lỗi HTTP 500 - {
  "error": "Object of type float32 is not JSON serializable"
}
Lỗi khi gọi Flask AI: HTTP 500 - {
  "error": "Object of type float32 is not JSON serializable"
}
Lỗi từ Flask AI cho tỉnh Hải Phòng: Lỗi HTTP 500 - {
  "error": "Object of type float32 is not JSON serializable"
}
Lỗi khi gọi Flask AI: HTTP 500 - {
  "error": "Object of type float32 is not JSON serializable"
}
Lỗi từ Flask AI cho tỉnh Hòa Bình: Lỗi HTTP 500 - {
  "error": "Object of type float32 is not JSON serializable"
}
Lỗi khi gọi Flask AI: HTTP 500 - {
  "error": "Object of type float32 is not JSON serializable"
}
Lỗi từ Flask AI cho tỉnh Hưng Yên: Lỗi HTTP 500 - {
  "error": "Object of type float32 is not JSON serializable"
}
Lỗi khi gọi Flask AI: HTTP 500 - {
  "error": "Object of type float32 is not JSON serializable"
}
Lỗi từ Flask AI cho tỉnh Khánh Hòa: Lỗi HTTP 500 - {
  "error": "Object of type float32 is not JSON serializable"
}
Lỗi khi gọi Flask AI: HTTP 500 - {
  "error": "Object of type float32 is not JSON serializable"
}
Lỗi từ Flask AI cho tỉnh Kon Tum: Lỗi HTTP 500 - {
  "error": "Object of type float32 is not JSON serializable"
}
Lỗi khi gọi Flask AI: HTTP 500 - {
  "error": "Object of type float32 is not JSON serializable"
}
Lỗi từ Flask AI cho tỉnh Lai Châu: Lỗi HTTP 500 - {
  "error": "Object of type float32 is not JSON serializable"
}
Lỗi khi gọi Flask AI: HTTP 500 - {
  "error": "Object of type float32 is not JSON serializable"
}
Lỗi từ Flask AI cho tỉnh Lạng Sơn: Lỗi HTTP 500 - {
  "error": "Object of type float32 is not JSON serializable"
}
Lỗi khi gọi Flask AI: HTTP 500 - {
  "error": "Object of type float32 is not JSON serializable"
}
Lỗi từ Flask AI cho tỉnh Lào Cai: Lỗi HTTP 500 - {
  "error": "Object of type float32 is not JSON serializable"
}
Lỗi khi gọi Flask AI: HTTP 500 - {
  "error": "Object of type float32 is not JSON serializable"
}
Lỗi từ Flask AI cho tỉnh Long An: Lỗi HTTP 500 - {
  "error": "Object of type float32 is not JSON serializable"
}
Lỗi khi gọi Flask AI: HTTP 500 - {
  "error": "Object of type float32 is not JSON serializable"
}
Lỗi từ Flask AI cho tỉnh Nam Định: Lỗi HTTP 500 - {
  "error": "Object of type float32 is not JSON serializable"
}
Lỗi khi gọi Flask AI: HTTP 500 - {
  "error": "Object of type float32 is not JSON serializable"
}
Lỗi từ Flask AI cho tỉnh Ninh Bình: Lỗi HTTP 500 - {
  "error": "Object of type float32 is not JSON serializable"
}
Lỗi khi gọi Flask AI: HTTP 500 - {
  "error": "Object of type float32 is not JSON serializable"
}
Lỗi từ Flask AI cho tỉnh Phú Thọ: Lỗi HTTP 500 - {
  "error": "Object of type float32 is not JSON serializable"
}
Lỗi khi gọi Flask AI: HTTP 500 - {
  "error": "Object of type float32 is not JSON serializable"
}
Lỗi từ Flask AI cho tỉnh Quảng Ngãi: Lỗi HTTP 500 - {
  "error": "Object of type float32 is not JSON serializable"
}
Lỗi khi gọi Flask AI: HTTP 500 - {
  "error": "Object of type float32 is not JSON serializable"
}
Lỗi từ Flask AI cho tỉnh Quảng Trị: Lỗi HTTP 500 - {
  "error": "Object of type float32 is not JSON serializable"
}
Lỗi khi gọi Flask AI: HTTP 500 - {
  "error": "Object of type float32 is not JSON serializable"
}
Lỗi từ Flask AI cho tỉnh Sóc Trăng: Lỗi HTTP 500 - {
  "error": "Object of type float32 is not JSON serializable"
}
Lỗi khi gọi Flask AI: HTTP 500 - {
  "error": "Object of type float32 is not JSON serializable"
}
Lỗi từ Flask AI cho tỉnh Sơn La: Lỗi HTTP 500 - {
  "error": "Object of type float32 is not JSON serializable"
}
Lỗi khi gọi Flask AI: HTTP 500 - {
  "error": "Object of type float32 is not JSON serializable"
}
Lỗi từ Flask AI cho tỉnh Tây Ninh: Lỗi HTTP 500 - {
  "error": "Object of type float32 is not JSON serializable"
}
Lỗi khi gọi Flask AI: HTTP 500 - {
  "error": "Object of type float32 is not JSON serializable"
}
Lỗi từ Flask AI cho tỉnh Thái Bình: Lỗi HTTP 500 - {
  "error": "Object of type float32 is not JSON serializable"
}
Lỗi khi gọi Flask AI: HTTP 500 - {
  "error": "Object of type float32 is not JSON serializable"
}
Lỗi từ Flask AI cho tỉnh Thái Nguyên: Lỗi HTTP 500 - {
  "error": "Object of type float32 is not JSON serializable"
}
Lỗi khi gọi Flask AI: HTTP 500 - {
  "error": "Object of type float32 is not JSON serializable"
}
Lỗi từ Flask AI cho tỉnh Thanh Hóa: Lỗi HTTP 500 - {
  "error": "Object of type float32 is not JSON serializable"
}
Lỗi khi gọi Flask AI: HTTP 500 - {
  "error": "Object of type float32 is not JSON serializable"
}
Lỗi từ Flask AI cho tỉnh Thành phố Hồ Chí Minh: Lỗi HTTP 500 - {
  "error": "Object of type float32 is not JSON serializable"
}
Lỗi khi gọi Flask AI: HTTP 500 - {
  "error": "Object of type float32 is not JSON serializable"
}
Lỗi từ Flask AI cho tỉnh Trà Vinh: Lỗi HTTP 500 - {
  "error": "Object of type float32 is not JSON serializable"
}
Lỗi khi gọi Flask AI: HTTP 500 - {
  "error": "Object of type float32 is not JSON serializable"
}
Lỗi từ Flask AI cho tỉnh Tuyên Quang: Lỗi HTTP 500 - {
  "error": "Object of type float32 is not JSON serializable"
}
Lỗi khi gọi Flask AI: HTTP 500 - {
  "error": "Object of type float32 is not JSON serializable"
}
Lỗi từ Flask AI cho tỉnh Vĩnh Long: Lỗi HTTP 500 - {
  "error": "Object of type float32 is not JSON serializable"
}
Lỗi khi gọi Flask AI: HTTP 500 - {
  "error": "Object of type float32 is not JSON serializable"
}
Lỗi từ Flask AI cho tỉnh Vĩnh Phúc: Lỗi HTTP 500 - {
  "error": "Object of type float32 is not JSON serializable"
}
Lỗi khi gọi Flask AI: HTTP 500 - {
  "error": "Object of type float32 is not JSON serializable"
}
Lỗi từ Flask AI cho tỉnh Vũng Tàu: Lỗi HTTP 500 - {
  "error": "Object of type float32 is not JSON serializable"
}
Lỗi khi gọi Flask AI: HTTP 500 - {
  "error": "Object of type float32 is not JSON serializable"
}
Lỗi từ Flask AI cho tỉnh Yên Bái: Lỗi HTTP 500 - {
  "error": "Object of type float32 is not JSON serializable"
}
Invalid controller: ViewsController, URL: /weather_forecast/views/layouts/js/date.jsInvalid controller: ViewsController, URL: /weather_forecast/views/layouts/js/Specificallyforecast.jsLỗi khi gọi Flask AI: HTTP 500 - {
  "error": "Object of type float32 is not JSON serializable"
}
Lỗi từ Flask AI cho tỉnh An Giang: Lỗi HTTP 500 - {
  "error": "Object of type float32 is not JSON serializable"
}
Lỗi khi gọi Flask AI: HTTP 500 - {
  "error": "Object of type float32 is not JSON serializable"
}
Lỗi từ Flask AI cho tỉnh Bắc Giang: Lỗi HTTP 500 - {
  "error": "Object of type float32 is not JSON serializable"
}
Lỗi khi gọi Flask AI: HTTP 500 - {
  "error": "Object of type float32 is not JSON serializable"
}
Lỗi từ Flask AI cho tỉnh Bắc Kạn: Lỗi HTTP 500 - {
  "error": "Object of type float32 is not JSON serializable"
}
Lỗi khi gọi Flask AI: HTTP 500 - {
  "error": "Object of type float32 is not JSON serializable"
}
Lỗi từ Flask AI cho tỉnh Bạc Liêu: Lỗi HTTP 500 - {
  "error": "Object of type float32 is not JSON serializable"
}
Lỗi khi gọi Flask AI: HTTP 500 - {
  "error": "Object of type float32 is not JSON serializable"
}
Lỗi từ Flask AI cho tỉnh Bắc Ninh: Lỗi HTTP 500 - {
  "error": "Object of type float32 is not JSON serializable"
}
Lỗi khi gọi Flask AI: HTTP 500 - {
  "error": "Object of type float32 is not JSON serializable"
}
Lỗi từ Flask AI cho tỉnh Bến Tre: Lỗi HTTP 500 - {
  "error": "Object of type float32 is not JSON serializable"
}
Lỗi khi gọi Flask AI: HTTP 500 - {
  "error": "Object of type float32 is not JSON serializable"
}
Lỗi từ Flask AI cho tỉnh Bình Định: Lỗi HTTP 500 - {
  "error": "Object of type float32 is not JSON serializable"
}
Lỗi khi gọi Flask AI: HTTP 500 - {
  "error": "Object of type float32 is not JSON serializable"
}
Lỗi từ Flask AI cho tỉnh Bình Dương: Lỗi HTTP 500 - {
  "error": "Object of type float32 is not JSON serializable"
}
Lỗi khi gọi Flask AI: HTTP 500 - {
  "error": "Object of type float32 is not JSON serializable"
}
Lỗi từ Flask AI cho tỉnh Cà Mau: Lỗi HTTP 500 - {
  "error": "Object of type float32 is not JSON serializable"
}
Lỗi khi gọi Flask AI: HTTP 500 - {
  "error": "Object of type float32 is not JSON serializable"
}
Lỗi từ Flask AI cho tỉnh Cần Thơ: Lỗi HTTP 500 - {
  "error": "Object of type float32 is not JSON serializable"
}
Lỗi khi gọi Flask AI: HTTP 500 - {
  "error": "Object of type float32 is not JSON serializable"
}
Lỗi từ Flask AI cho tỉnh Cao Bằng: Lỗi HTTP 500 - {
  "error": "Object of type float32 is not JSON serializable"
}
Lỗi khi gọi Flask AI: HTTP 500 - {
  "error": "Object of type float32 is not JSON serializable"
}
Lỗi từ Flask AI cho tỉnh Đà Nẵng: Lỗi HTTP 500 - {
  "error": "Object of type float32 is not JSON serializable"
}
Lỗi khi gọi Flask AI: HTTP 500 - {
  "error": "Object of type float32 is not JSON serializable"
}
Lỗi từ Flask AI cho tỉnh Gia Lai: Lỗi HTTP 500 - {
  "error": "Object of type float32 is not JSON serializable"
}
Lỗi khi gọi Flask AI: HTTP 500 - {
  "error": "Object of type float32 is not JSON serializable"
}
Lỗi từ Flask AI cho tỉnh Hà Giang: Lỗi HTTP 500 - {
  "error": "Object of type float32 is not JSON serializable"
}
Lỗi khi gọi Flask AI: HTTP 500 - {
  "error": "Object of type float32 is not JSON serializable"
}
Lỗi từ Flask AI cho tỉnh Hà Nam: Lỗi HTTP 500 - {
  "error": "Object of type float32 is not JSON serializable"
}
Lỗi khi gọi Flask AI: HTTP 500 - {
  "error": "Object of type float32 is not JSON serializable"
}
Lỗi từ Flask AI cho tỉnh Hà Nội: Lỗi HTTP 500 - {
  "error": "Object of type float32 is not JSON serializable"
}
Lỗi khi gọi Flask AI: HTTP 500 - {
  "error": "Object of type float32 is not JSON serializable"
}
Lỗi từ Flask AI cho tỉnh Hà Tĩnh: Lỗi HTTP 500 - {
  "error": "Object of type float32 is not JSON serializable"
}
Lỗi khi gọi Flask AI: HTTP 500 - {
  "error": "Object of type float32 is not JSON serializable"
}
Lỗi từ Flask AI cho tỉnh Hải Phòng: Lỗi HTTP 500 - {
  "error": "Object of type float32 is not JSON serializable"
}
Lỗi khi gọi Flask AI: HTTP 500 - {
  "error": "Object of type float32 is not JSON serializable"
}
Lỗi từ Flask AI cho tỉnh Hòa Bình: Lỗi HTTP 500 - {
  "error": "Object of type float32 is not JSON serializable"
}
Lỗi khi gọi Flask AI: HTTP 500 - {
  "error": "Object of type float32 is not JSON serializable"
}
Lỗi từ Flask AI cho tỉnh Hưng Yên: Lỗi HTTP 500 - {
  "error": "Object of type float32 is not JSON serializable"
}
Lỗi khi gọi Flask AI: HTTP 500 - {
  "error": "Object of type float32 is not JSON serializable"
}
Lỗi từ Flask AI cho tỉnh Khánh Hòa: Lỗi HTTP 500 - {
  "error": "Object of type float32 is not JSON serializable"
}
Lỗi khi gọi Flask AI: HTTP 500 - {
  "error": "Object of type float32 is not JSON serializable"
}
Lỗi từ Flask AI cho tỉnh Kon Tum: Lỗi HTTP 500 - {
  "error": "Object of type float32 is not JSON serializable"
}
Lỗi khi gọi Flask AI: HTTP 500 - {
  "error": "Object of type float32 is not JSON serializable"
}
Lỗi từ Flask AI cho tỉnh Lai Châu: Lỗi HTTP 500 - {
  "error": "Object of type float32 is not JSON serializable"
}
Lỗi khi gọi Flask AI: HTTP 500 - {
  "error": "Object of type float32 is not JSON serializable"
}
Lỗi từ Flask AI cho tỉnh Lạng Sơn: Lỗi HTTP 500 - {
  "error": "Object of type float32 is not JSON serializable"
}
Lỗi khi gọi Flask AI: HTTP 500 - {
  "error": "Object of type float32 is not JSON serializable"
}
Lỗi từ Flask AI cho tỉnh Lào Cai: Lỗi HTTP 500 - {
  "error": "Object of type float32 is not JSON serializable"
}
Lỗi khi gọi Flask AI: HTTP 500 - {
  "error": "Object of type float32 is not JSON serializable"
}
Lỗi từ Flask AI cho tỉnh Long An: Lỗi HTTP 500 - {
  "error": "Object of type float32 is not JSON serializable"
}
Lỗi khi gọi Flask AI: HTTP 500 - {
  "error": "Object of type float32 is not JSON serializable"
}
Lỗi từ Flask AI cho tỉnh Nam Định: Lỗi HTTP 500 - {
  "error": "Object of type float32 is not JSON serializable"
}
Lỗi khi gọi Flask AI: HTTP 500 - {
  "error": "Object of type float32 is not JSON serializable"
}
Lỗi từ Flask AI cho tỉnh Ninh Bình: Lỗi HTTP 500 - {
  "error": "Object of type float32 is not JSON serializable"
}
Lỗi khi gọi Flask AI: HTTP 500 - {
  "error": "Object of type float32 is not JSON serializable"
}
Lỗi từ Flask AI cho tỉnh Phú Thọ: Lỗi HTTP 500 - {
  "error": "Object of type float32 is not JSON serializable"
}
Lỗi khi gọi Flask AI: HTTP 500 - {
  "error": "Object of type float32 is not JSON serializable"
}
Lỗi từ Flask AI cho tỉnh Quảng Ngãi: Lỗi HTTP 500 - {
  "error": "Object of type float32 is not JSON serializable"
}
Lỗi khi gọi Flask AI: HTTP 500 - {
  "error": "Object of type float32 is not JSON serializable"
}
Lỗi từ Flask AI cho tỉnh Quảng Trị: Lỗi HTTP 500 - {
  "error": "Object of type float32 is not JSON serializable"
}
Lỗi khi gọi Flask AI: HTTP 500 - {
  "error": "Object of type float32 is not JSON serializable"
}
Lỗi từ Flask AI cho tỉnh Sóc Trăng: Lỗi HTTP 500 - {
  "error": "Object of type float32 is not JSON serializable"
}
Lỗi khi gọi Flask AI: HTTP 500 - {
  "error": "Object of type float32 is not JSON serializable"
}
Lỗi từ Flask AI cho tỉnh Sơn La: Lỗi HTTP 500 - {
  "error": "Object of type float32 is not JSON serializable"
}
Lỗi khi gọi Flask AI: HTTP 500 - {
  "error": "Object of type float32 is not JSON serializable"
}
Lỗi từ Flask AI cho tỉnh Tây Ninh: Lỗi HTTP 500 - {
  "error": "Object of type float32 is not JSON serializable"
}
Lỗi khi gọi Flask AI: HTTP 500 - {
  "error": "Object of type float32 is not JSON serializable"
}
Lỗi từ Flask AI cho tỉnh Thái Bình: Lỗi HTTP 500 - {
  "error": "Object of type float32 is not JSON serializable"
}
Lỗi khi gọi Flask AI: HTTP 500 - {
  "error": "Object of type float32 is not JSON serializable"
}
Lỗi từ Flask AI cho tỉnh Thái Nguyên: Lỗi HTTP 500 - {
  "error": "Object of type float32 is not JSON serializable"
}
Lỗi khi gọi Flask AI: HTTP 500 - {
  "error": "Object of type float32 is not JSON serializable"
}
Lỗi từ Flask AI cho tỉnh Thanh Hóa: Lỗi HTTP 500 - {
  "error": "Object of type float32 is not JSON serializable"
}
Lỗi khi gọi Flask AI: HTTP 500 - {
  "error": "Object of type float32 is not JSON serializable"
}
Lỗi từ Flask AI cho tỉnh Thành phố Hồ Chí Minh: Lỗi HTTP 500 - {
  "error": "Object of type float32 is not JSON serializable"
}
Lỗi khi gọi Flask AI: HTTP 500 - {
  "error": "Object of type float32 is not JSON serializable"
}
Lỗi từ Flask AI cho tỉnh Trà Vinh: Lỗi HTTP 500 - {
  "error": "Object of type float32 is not JSON serializable"
}
Lỗi khi gọi Flask AI: HTTP 500 - {
  "error": "Object of type float32 is not JSON serializable"
}
Lỗi từ Flask AI cho tỉnh Tuyên Quang: Lỗi HTTP 500 - {
  "error": "Object of type float32 is not JSON serializable"
}
Lỗi khi gọi Flask AI: HTTP 500 - {
  "error": "Object of type float32 is not JSON serializable"
}
Lỗi từ Flask AI cho tỉnh Vĩnh Long: Lỗi HTTP 500 - {
  "error": "Object of type float32 is not JSON serializable"
}
Lỗi khi gọi Flask AI: HTTP 500 - {
  "error": "Object of type float32 is not JSON serializable"
}
Lỗi từ Flask AI cho tỉnh Vĩnh Phúc: Lỗi HTTP 500 - {
  "error": "Object of type float32 is not JSON serializable"
}
Lỗi khi gọi Flask AI: HTTP 500 - {
  "error": "Object of type float32 is not JSON serializable"
}
Lỗi từ Flask AI cho tỉnh Vũng Tàu: Lỗi HTTP 500 - {
  "error": "Object of type float32 is not JSON serializable"
}
Lỗi khi gọi Flask AI: HTTP 500 - {
  "error": "Object of type float32 is not JSON serializable"
}
Lỗi từ Flask AI cho tỉnh Yên Bái: Lỗi HTTP 500 - {
  "error": "Object of type float32 is not JSON serializable"
}
Lỗi khi gọi Flask AI: HTTP 500 - {
  "error": "Object of type float32 is not JSON serializable"
}
Lỗi từ Flask AI cho tỉnh An Giang: Lỗi HTTP 500 - {
  "error": "Object of type float32 is not JSON serializable"
}
Lỗi khi gọi Flask AI: HTTP 500 - {
  "error": "Object of type float32 is not JSON serializable"
}
Lỗi từ Flask AI cho tỉnh Bắc Giang: Lỗi HTTP 500 - {
  "error": "Object of type float32 is not JSON serializable"
}
Lỗi khi gọi Flask AI: HTTP 500 - {
  "error": "Object of type float32 is not JSON serializable"
}
Lỗi từ Flask AI cho tỉnh Bắc Kạn: Lỗi HTTP 500 - {
  "error": "Object of type float32 is not JSON serializable"
}
Lỗi khi gọi Flask AI: HTTP 500 - {
  "error": "Object of type float32 is not JSON serializable"
}
Lỗi từ Flask AI cho tỉnh Bạc Liêu: Lỗi HTTP 500 - {
  "error": "Object of type float32 is not JSON serializable"
}
Lỗi khi gọi Flask AI: HTTP 500 - {
  "error": "Object of type float32 is not JSON serializable"
}
Lỗi từ Flask AI cho tỉnh Bắc Ninh: Lỗi HTTP 500 - {
  "error": "Object of type float32 is not JSON serializable"
}
Lỗi khi gọi Flask AI: HTTP 500 - {
  "error": "Object of type float32 is not JSON serializable"
}
Lỗi từ Flask AI cho tỉnh Bến Tre: Lỗi HTTP 500 - {
  "error": "Object of type float32 is not JSON serializable"
}
Lỗi khi gọi Flask AI: HTTP 500 - {
  "error": "Object of type float32 is not JSON serializable"
}
Lỗi từ Flask AI cho tỉnh Bình Định: Lỗi HTTP 500 - {
  "error": "Object of type float32 is not JSON serializable"
}
Lỗi khi gọi Flask AI: HTTP 500 - {
  "error": "Object of type float32 is not JSON serializable"
}
Lỗi từ Flask AI cho tỉnh Bình Dương: Lỗi HTTP 500 - {
  "error": "Object of type float32 is not JSON serializable"
}
Lỗi khi gọi Flask AI: HTTP 500 - {
  "error": "Object of type float32 is not JSON serializable"
}
Lỗi từ Flask AI cho tỉnh Cà Mau: Lỗi HTTP 500 - {
  "error": "Object of type float32 is not JSON serializable"
}
Lỗi khi gọi Flask AI: HTTP 500 - {
  "error": "Object of type float32 is not JSON serializable"
}
Lỗi từ Flask AI cho tỉnh Cần Thơ: Lỗi HTTP 500 - {
  "error": "Object of type float32 is not JSON serializable"
}
Lỗi khi gọi Flask AI: HTTP 500 - {
  "error": "Object of type float32 is not JSON serializable"
}
Lỗi từ Flask AI cho tỉnh Cao Bằng: Lỗi HTTP 500 - {
  "error": "Object of type float32 is not JSON serializable"
}
Lỗi khi gọi Flask AI: HTTP 500 - {
  "error": "Object of type float32 is not JSON serializable"
}
Lỗi từ Flask AI cho tỉnh Đà Nẵng: Lỗi HTTP 500 - {
  "error": "Object of type float32 is not JSON serializable"
}
Lỗi khi gọi Flask AI: HTTP 500 - {
  "error": "Object of type float32 is not JSON serializable"
}
Lỗi từ Flask AI cho tỉnh Gia Lai: Lỗi HTTP 500 - {
  "error": "Object of type float32 is not JSON serializable"
}
Lỗi khi gọi Flask AI: HTTP 500 - {
  "error": "Object of type float32 is not JSON serializable"
}
Lỗi từ Flask AI cho tỉnh Hà Giang: Lỗi HTTP 500 - {
  "error": "Object of type float32 is not JSON serializable"
}
Lỗi khi gọi Flask AI: HTTP 500 - {
  "error": "Object of type float32 is not JSON serializable"
}
Lỗi từ Flask AI cho tỉnh Hà Nam: Lỗi HTTP 500 - {
  "error": "Object of type float32 is not JSON serializable"
}
Lỗi khi gọi Flask AI: HTTP 500 - {
  "error": "Object of type float32 is not JSON serializable"
}
Lỗi từ Flask AI cho tỉnh Hà Nội: Lỗi HTTP 500 - {
  "error": "Object of type float32 is not JSON serializable"
}
Lỗi khi gọi Flask AI: HTTP 500 - {
  "error": "Object of type float32 is not JSON serializable"
}
Lỗi từ Flask AI cho tỉnh Hà Tĩnh: Lỗi HTTP 500 - {
  "error": "Object of type float32 is not JSON serializable"
}
Lỗi khi gọi Flask AI: HTTP 500 - {
  "error": "Object of type float32 is not JSON serializable"
}
Lỗi từ Flask AI cho tỉnh Hải Phòng: Lỗi HTTP 500 - {
  "error": "Object of type float32 is not JSON serializable"
}
Lỗi khi gọi Flask AI: HTTP 500 - {
  "error": "Object of type float32 is not JSON serializable"
}
Lỗi từ Flask AI cho tỉnh Hòa Bình: Lỗi HTTP 500 - {
  "error": "Object of type float32 is not JSON serializable"
}
Lỗi khi gọi Flask AI: HTTP 500 - {
  "error": "Object of type float32 is not JSON serializable"
}
Lỗi từ Flask AI cho tỉnh Hưng Yên: Lỗi HTTP 500 - {
  "error": "Object of type float32 is not JSON serializable"
}
Lỗi khi gọi Flask AI: HTTP 500 - {
  "error": "Object of type float32 is not JSON serializable"
}
Lỗi từ Flask AI cho tỉnh Khánh Hòa: Lỗi HTTP 500 - {
  "error": "Object of type float32 is not JSON serializable"
}
Lỗi khi gọi Flask AI: HTTP 500 - {
  "error": "Object of type float32 is not JSON serializable"
}
Lỗi từ Flask AI cho tỉnh Kon Tum: Lỗi HTTP 500 - {
  "error": "Object of type float32 is not JSON serializable"
}
Lỗi khi gọi Flask AI: HTTP 500 - {
  "error": "Object of type float32 is not JSON serializable"
}
Lỗi từ Flask AI cho tỉnh Lai Châu: Lỗi HTTP 500 - {
  "error": "Object of type float32 is not JSON serializable"
}
Lỗi khi gọi Flask AI: HTTP 500 - {
  "error": "Object of type float32 is not JSON serializable"
}
Lỗi từ Flask AI cho tỉnh Lạng Sơn: Lỗi HTTP 500 - {
  "error": "Object of type float32 is not JSON serializable"
}
Lỗi khi gọi Flask AI: HTTP 500 - {
  "error": "Object of type float32 is not JSON serializable"
}
Lỗi từ Flask AI cho tỉnh Lào Cai: Lỗi HTTP 500 - {
  "error": "Object of type float32 is not JSON serializable"
}
Lỗi khi gọi Flask AI: HTTP 500 - {
  "error": "Object of type float32 is not JSON serializable"
}
Lỗi từ Flask AI cho tỉnh Long An: Lỗi HTTP 500 - {
  "error": "Object of type float32 is not JSON serializable"
}
Lỗi khi gọi Flask AI: HTTP 500 - {
  "error": "Object of type float32 is not JSON serializable"
}
Lỗi từ Flask AI cho tỉnh Nam Định: Lỗi HTTP 500 - {
  "error": "Object of type float32 is not JSON serializable"
}
Lỗi khi gọi Flask AI: HTTP 500 - {
  "error": "Object of type float32 is not JSON serializable"
}
Lỗi từ Flask AI cho tỉnh Ninh Bình: Lỗi HTTP 500 - {
  "error": "Object of type float32 is not JSON serializable"
}
Lỗi khi gọi Flask AI: HTTP 500 - {
  "error": "Object of type float32 is not JSON serializable"
}
Lỗi từ Flask AI cho tỉnh Phú Thọ: Lỗi HTTP 500 - {
  "error": "Object of type float32 is not JSON serializable"
}
Lỗi khi gọi Flask AI: HTTP 500 - {
  "error": "Object of type float32 is not JSON serializable"
}
Lỗi từ Flask AI cho tỉnh Quảng Ngãi: Lỗi HTTP 500 - {
  "error": "Object of type float32 is not JSON serializable"
}
Lỗi khi gọi Flask AI: HTTP 500 - {
  "error": "Object of type float32 is not JSON serializable"
}
Lỗi từ Flask AI cho tỉnh Quảng Trị: Lỗi HTTP 500 - {
  "error": "Object of type float32 is not JSON serializable"
}
Lỗi khi gọi Flask AI: HTTP 500 - {
  "error": "Object of type float32 is not JSON serializable"
}
Lỗi từ Flask AI cho tỉnh Sóc Trăng: Lỗi HTTP 500 - {
  "error": "Object of type float32 is not JSON serializable"
}
Lỗi khi gọi Flask AI: HTTP 500 - {
  "error": "Object of type float32 is not JSON serializable"
}
Lỗi từ Flask AI cho tỉnh Sơn La: Lỗi HTTP 500 - {
  "error": "Object of type float32 is not JSON serializable"
}
Lỗi khi gọi Flask AI: HTTP 500 - {
  "error": "Object of type float32 is not JSON serializable"
}
Lỗi từ Flask AI cho tỉnh Tây Ninh: Lỗi HTTP 500 - {
  "error": "Object of type float32 is not JSON serializable"
}
Lỗi khi gọi Flask AI: HTTP 500 - {
  "error": "Object of type float32 is not JSON serializable"
}
Lỗi từ Flask AI cho tỉnh Thái Bình: Lỗi HTTP 500 - {
  "error": "Object of type float32 is not JSON serializable"
}
Lỗi khi gọi Flask AI: HTTP 500 - {
  "error": "Object of type float32 is not JSON serializable"
}
Lỗi từ Flask AI cho tỉnh Thái Nguyên: Lỗi HTTP 500 - {
  "error": "Object of type float32 is not JSON serializable"
}
Lỗi khi gọi Flask AI: HTTP 500 - {
  "error": "Object of type float32 is not JSON serializable"
}
Lỗi từ Flask AI cho tỉnh Thanh Hóa: Lỗi HTTP 500 - {
  "error": "Object of type float32 is not JSON serializable"
}
Lỗi khi gọi Flask AI: HTTP 500 - {
  "error": "Object of type float32 is not JSON serializable"
}
Lỗi từ Flask AI cho tỉnh Thành phố Hồ Chí Minh: Lỗi HTTP 500 - {
  "error": "Object of type float32 is not JSON serializable"
}
Lỗi khi gọi Flask AI: HTTP 500 - {
  "error": "Object of type float32 is not JSON serializable"
}
Lỗi từ Flask AI cho tỉnh Trà Vinh: Lỗi HTTP 500 - {
  "error": "Object of type float32 is not JSON serializable"
}
Lỗi khi gọi Flask AI: HTTP 500 - {
  "error": "Object of type float32 is not JSON serializable"
}
Lỗi từ Flask AI cho tỉnh Tuyên Quang: Lỗi HTTP 500 - {
  "error": "Object of type float32 is not JSON serializable"
}
Lỗi khi gọi Flask AI: HTTP 500 - {
  "error": "Object of type float32 is not JSON serializable"
}
Lỗi từ Flask AI cho tỉnh Vĩnh Long: Lỗi HTTP 500 - {
  "error": "Object of type float32 is not JSON serializable"
}
Lỗi khi gọi Flask AI: HTTP 500 - {
  "error": "Object of type float32 is not JSON serializable"
}
Lỗi từ Flask AI cho tỉnh Vĩnh Phúc: Lỗi HTTP 500 - {
  "error": "Object of type float32 is not JSON serializable"
}
Lỗi khi gọi Flask AI: HTTP 500 - {
  "error": "Object of type float32 is not JSON serializable"
}
Lỗi từ Flask AI cho tỉnh Vũng Tàu: Lỗi HTTP 500 - {
  "error": "Object of type float32 is not JSON serializable"
}
Lỗi khi gọi Flask AI: HTTP 500 - {
  "error": "Object of type float32 is not JSON serializable"
}
Lỗi từ Flask AI cho tỉnh Yên Bái: Lỗi HTTP 500 - {
  "error": "Object of type float32 is not JSON serializable"
}
Lỗi khi gọi Flask AI: HTTP 500 - {
  "error": "Object of type float32 is not JSON serializable"
}
Lỗi từ Flask AI cho tỉnh An Giang: Lỗi HTTP 500 - {
  "error": "Object of type float32 is not JSON serializable"
}
Lỗi khi gọi Flask AI: HTTP 500 - {
  "error": "Object of type float32 is not JSON serializable"
}
Lỗi từ Flask AI cho tỉnh Bắc Giang: Lỗi HTTP 500 - {
  "error": "Object of type float32 is not JSON serializable"
}
Lỗi khi gọi Flask AI: HTTP 500 - {
  "error": "Object of type float32 is not JSON serializable"
}
Lỗi từ Flask AI cho tỉnh Bắc Kạn: Lỗi HTTP 500 - {
  "error": "Object of type float32 is not JSON serializable"
}
Lỗi khi gọi Flask AI: HTTP 500 - {
  "error": "Object of type float32 is not JSON serializable"
}
Lỗi từ Flask AI cho tỉnh Bạc Liêu: Lỗi HTTP 500 - {
  "error": "Object of type float32 is not JSON serializable"
}
Lỗi khi gọi Flask AI: HTTP 500 - {
  "error": "Object of type float32 is not JSON serializable"
}
Lỗi từ Flask AI cho tỉnh Bắc Ninh: Lỗi HTTP 500 - {
  "error": "Object of type float32 is not JSON serializable"
}
Lỗi khi gọi Flask AI: HTTP 500 - {
  "error": "Object of type float32 is not JSON serializable"
}
Lỗi từ Flask AI cho tỉnh Bến Tre: Lỗi HTTP 500 - {
  "error": "Object of type float32 is not JSON serializable"
}
Lỗi khi gọi Flask AI: HTTP 500 - {
  "error": "Object of type float32 is not JSON serializable"
}
Lỗi từ Flask AI cho tỉnh Bình Định: Lỗi HTTP 500 - {
  "error": "Object of type float32 is not JSON serializable"
}
Lỗi khi gọi Flask AI: HTTP 500 - {
  "error": "Object of type float32 is not JSON serializable"
}
Lỗi từ Flask AI cho tỉnh Bình Dương: Lỗi HTTP 500 - {
  "error": "Object of type float32 is not JSON serializable"
}
Lỗi khi gọi Flask AI: HTTP 500 - {
  "error": "Object of type float32 is not JSON serializable"
}
Lỗi từ Flask AI cho tỉnh Cà Mau: Lỗi HTTP 500 - {
  "error": "Object of type float32 is not JSON serializable"
}
Lỗi khi gọi Flask AI: HTTP 500 - {
  "error": "Object of type float32 is not JSON serializable"
}
Lỗi từ Flask AI cho tỉnh Cần Thơ: Lỗi HTTP 500 - {
  "error": "Object of type float32 is not JSON serializable"
}
Lỗi khi gọi Flask AI: HTTP 500 - {
  "error": "Object of type float32 is not JSON serializable"
}
Lỗi từ Flask AI cho tỉnh Cao Bằng: Lỗi HTTP 500 - {
  "error": "Object of type float32 is not JSON serializable"
}
Lỗi khi gọi Flask AI: HTTP 500 - {
  "error": "Object of type float32 is not JSON serializable"
}
Lỗi từ Flask AI cho tỉnh Đà Nẵng: Lỗi HTTP 500 - {
  "error": "Object of type float32 is not JSON serializable"
}
Lỗi khi gọi Flask AI: HTTP 500 - {
  "error": "Object of type float32 is not JSON serializable"
}
Lỗi từ Flask AI cho tỉnh Gia Lai: Lỗi HTTP 500 - {
  "error": "Object of type float32 is not JSON serializable"
}
Lỗi khi gọi Flask AI: HTTP 500 - {
  "error": "Object of type float32 is not JSON serializable"
}
Lỗi từ Flask AI cho tỉnh Hà Giang: Lỗi HTTP 500 - {
  "error": "Object of type float32 is not JSON serializable"
}
Lỗi khi gọi Flask AI: HTTP 500 - {
  "error": "Object of type float32 is not JSON serializable"
}
Lỗi từ Flask AI cho tỉnh Hà Nam: Lỗi HTTP 500 - {
  "error": "Object of type float32 is not JSON serializable"
}
Lỗi khi gọi Flask AI: HTTP 500 - {
  "error": "Object of type float32 is not JSON serializable"
}
Lỗi từ Flask AI cho tỉnh Hà Nội: Lỗi HTTP 500 - {
  "error": "Object of type float32 is not JSON serializable"
}
Lỗi khi gọi Flask AI: HTTP 500 - {
  "error": "Object of type float32 is not JSON serializable"
}
Lỗi từ Flask AI cho tỉnh Hà Tĩnh: Lỗi HTTP 500 - {
  "error": "Object of type float32 is not JSON serializable"
}
Lỗi khi gọi Flask AI: HTTP 500 - {
  "error": "Object of type float32 is not JSON serializable"
}
Lỗi từ Flask AI cho tỉnh Hải Phòng: Lỗi HTTP 500 - {
  "error": "Object of type float32 is not JSON serializable"
}
Lỗi khi gọi Flask AI: HTTP 500 - {
  "error": "Object of type float32 is not JSON serializable"
}
Lỗi từ Flask AI cho tỉnh Hòa Bình: Lỗi HTTP 500 - {
  "error": "Object of type float32 is not JSON serializable"
}
Lỗi khi gọi Flask AI: HTTP 500 - {
  "error": "Object of type float32 is not JSON serializable"
}
Lỗi từ Flask AI cho tỉnh Hưng Yên: Lỗi HTTP 500 - {
  "error": "Object of type float32 is not JSON serializable"
}
Lỗi khi gọi Flask AI: HTTP 500 - {
  "error": "Object of type float32 is not JSON serializable"
}
Lỗi từ Flask AI cho tỉnh Khánh Hòa: Lỗi HTTP 500 - {
  "error": "Object of type float32 is not JSON serializable"
}
Lỗi khi gọi Flask AI: HTTP 500 - {
  "error": "Object of type float32 is not JSON serializable"
}
Lỗi từ Flask AI cho tỉnh Kon Tum: Lỗi HTTP 500 - {
  "error": "Object of type float32 is not JSON serializable"
}
Lỗi khi gọi Flask AI: HTTP 500 - {
  "error": "Object of type float32 is not JSON serializable"
}
Lỗi từ Flask AI cho tỉnh Lai Châu: Lỗi HTTP 500 - {
  "error": "Object of type float32 is not JSON serializable"
}
Lỗi khi gọi Flask AI: HTTP 500 - {
  "error": "Object of type float32 is not JSON serializable"
}
Lỗi từ Flask AI cho tỉnh Lạng Sơn: Lỗi HTTP 500 - {
  "error": "Object of type float32 is not JSON serializable"
}
Lỗi khi gọi Flask AI: HTTP 500 - {
  "error": "Object of type float32 is not JSON serializable"
}
Lỗi từ Flask AI cho tỉnh Lào Cai: Lỗi HTTP 500 - {
  "error": "Object of type float32 is not JSON serializable"
}
Lỗi khi gọi Flask AI: HTTP 500 - {
  "error": "Object of type float32 is not JSON serializable"
}
Lỗi từ Flask AI cho tỉnh Long An: Lỗi HTTP 500 - {
  "error": "Object of type float32 is not JSON serializable"
}
Lỗi khi gọi Flask AI: HTTP 500 - {
  "error": "Object of type float32 is not JSON serializable"
}
Lỗi từ Flask AI cho tỉnh Nam Định: Lỗi HTTP 500 - {
  "error": "Object of type float32 is not JSON serializable"
}
Lỗi khi gọi Flask AI: HTTP 500 - {
  "error": "Object of type float32 is not JSON serializable"
}
Lỗi từ Flask AI cho tỉnh Ninh Bình: Lỗi HTTP 500 - {
  "error": "Object of type float32 is not JSON serializable"
}
Lỗi khi gọi Flask AI: HTTP 500 - {
  "error": "Object of type float32 is not JSON serializable"
}
Lỗi từ Flask AI cho tỉnh Phú Thọ: Lỗi HTTP 500 - {
  "error": "Object of type float32 is not JSON serializable"
}
Lỗi khi gọi Flask AI: HTTP 500 - {
  "error": "Object of type float32 is not JSON serializable"
}
Lỗi từ Flask AI cho tỉnh Quảng Ngãi: Lỗi HTTP 500 - {
  "error": "Object of type float32 is not JSON serializable"
}
Lỗi khi gọi Flask AI: HTTP 500 - {
  "error": "Object of type float32 is not JSON serializable"
}
Lỗi từ Flask AI cho tỉnh Quảng Trị: Lỗi HTTP 500 - {
  "error": "Object of type float32 is not JSON serializable"
}
Lỗi khi gọi Flask AI: HTTP 500 - {
  "error": "Object of type float32 is not JSON serializable"
}
Lỗi từ Flask AI cho tỉnh Sóc Trăng: Lỗi HTTP 500 - {
  "error": "Object of type float32 is not JSON serializable"
}
Lỗi khi gọi Flask AI: HTTP 500 - {
  "error": "Object of type float32 is not JSON serializable"
}
Lỗi từ Flask AI cho tỉnh Sơn La: Lỗi HTTP 500 - {
  "error": "Object of type float32 is not JSON serializable"
}
Lỗi khi gọi Flask AI: HTTP 500 - {
  "error": "Object of type float32 is not JSON serializable"
}
Lỗi từ Flask AI cho tỉnh Tây Ninh: Lỗi HTTP 500 - {
  "error": "Object of type float32 is not JSON serializable"
}
Lỗi khi gọi Flask AI: HTTP 500 - {
  "error": "Object of type float32 is not JSON serializable"
}
Lỗi từ Flask AI cho tỉnh Thái Bình: Lỗi HTTP 500 - {
  "error": "Object of type float32 is not JSON serializable"
}
Lỗi khi gọi Flask AI: HTTP 500 - {
  "error": "Object of type float32 is not JSON serializable"
}
Lỗi từ Flask AI cho tỉnh Thái Nguyên: Lỗi HTTP 500 - {
  "error": "Object of type float32 is not JSON serializable"
}
Lỗi khi gọi Flask AI: HTTP 500 - {
  "error": "Object of type float32 is not JSON serializable"
}
Lỗi từ Flask AI cho tỉnh Thanh Hóa: Lỗi HTTP 500 - {
  "error": "Object of type float32 is not JSON serializable"
}
Lỗi khi gọi Flask AI: HTTP 500 - {
  "error": "Object of type float32 is not JSON serializable"
}
Lỗi từ Flask AI cho tỉnh Thành phố Hồ Chí Minh: Lỗi HTTP 500 - {
  "error": "Object of type float32 is not JSON serializable"
}
Lỗi khi gọi Flask AI: HTTP 500 - {
  "error": "Object of type float32 is not JSON serializable"
}
Lỗi từ Flask AI cho tỉnh Trà Vinh: Lỗi HTTP 500 - {
  "error": "Object of type float32 is not JSON serializable"
}
Lỗi khi gọi Flask AI: HTTP 500 - {
  "error": "Object of type float32 is not JSON serializable"
}
Lỗi từ Flask AI cho tỉnh Tuyên Quang: Lỗi HTTP 500 - {
  "error": "Object of type float32 is not JSON serializable"
}
Lỗi khi gọi Flask AI: HTTP 500 - {
  "error": "Object of type float32 is not JSON serializable"
}
Lỗi từ Flask AI cho tỉnh Vĩnh Long: Lỗi HTTP 500 - {
  "error": "Object of type float32 is not JSON serializable"
}
Lỗi khi gọi Flask AI: HTTP 500 - {
  "error": "Object of type float32 is not JSON serializable"
}
Lỗi từ Flask AI cho tỉnh Vĩnh Phúc: Lỗi HTTP 500 - {
  "error": "Object of type float32 is not JSON serializable"
}
Lỗi khi gọi Flask AI: HTTP 500 - {
  "error": "Object of type float32 is not JSON serializable"
}
Lỗi từ Flask AI cho tỉnh Vũng Tàu: Lỗi HTTP 500 - {
  "error": "Object of type float32 is not JSON serializable"
}
Lỗi khi gọi Flask AI: HTTP 500 - {
  "error": "Object of type float32 is not JSON serializable"
}
Lỗi từ Flask AI cho tỉnh Yên Bái: Lỗi HTTP 500 - {
  "error": "Object of type float32 is not JSON serializable"
}
Invalid controller: ViewsController, URL: /weather_forecast/views/layouts/js/Specificallyforecast.jsInvalid controller: ViewsController, URL: /weather_forecast/views/layouts/js/date.jsLỗi khi gọi Flask AI: HTTP 500 - {
  "error": "value 0 for Parameter num_class should be greater equal to 1\nnum_class: Number of output class in the multi-class classification."
}
Lỗi từ Flask AI cho tỉnh Khánh Hòa: Lỗi HTTP 500 - {
  "error": "value 0 for Parameter num_class should be greater equal to 1\nnum_class: Number of output class in the multi-class classification."
}
Lỗi khi gọi Flask AI: HTTP 500 - {
  "error": "value 0 for Parameter num_class should be greater equal to 1\nnum_class: Number of output class in the multi-class classification."
}
Lỗi từ Flask AI cho tỉnh Lai Châu: Lỗi HTTP 500 - {
  "error": "value 0 for Parameter num_class should be greater equal to 1\nnum_class: Number of output class in the multi-class classification."
}
Lỗi khi gọi Flask AI: HTTP 500 - {
  "error": "value 0 for Parameter num_class should be greater equal to 1\nnum_class: Number of output class in the multi-class classification."
}
Lỗi từ Flask AI cho tỉnh Quảng Trị: Lỗi HTTP 500 - {
  "error": "value 0 for Parameter num_class should be greater equal to 1\nnum_class: Number of output class in the multi-class classification."
}
Lỗi khi gọi Flask AI: HTTP 500 - {
  "error": "value 0 for Parameter num_class should be greater equal to 1\nnum_class: Number of output class in the multi-class classification."
}
Lỗi từ Flask AI cho tỉnh Tây Ninh: Lỗi HTTP 500 - {
  "error": "value 0 for Parameter num_class should be greater equal to 1\nnum_class: Number of output class in the multi-class classification."
}
Lỗi khi gọi Flask AI: HTTP 500 - {
  "error": "value 0 for Parameter num_class should be greater equal to 1\nnum_class: Number of output class in the multi-class classification."
}
Lỗi từ Flask AI cho tỉnh Khánh Hòa: Lỗi HTTP 500 - {
  "error": "value 0 for Parameter num_class should be greater equal to 1\nnum_class: Number of output class in the multi-class classification."
}
Lỗi khi gọi Flask AI: HTTP 500 - {
  "error": "value 0 for Parameter num_class should be greater equal to 1\nnum_class: Number of output class in the multi-class classification."
}
Lỗi từ Flask AI cho tỉnh Lai Châu: Lỗi HTTP 500 - {
  "error": "value 0 for Parameter num_class should be greater equal to 1\nnum_class: Number of output class in the multi-class classification."
}
Lỗi khi gọi Flask AI: HTTP 500 - {
  "error": "value 0 for Parameter num_class should be greater equal to 1\nnum_class: Number of output class in the multi-class classification."
}
Lỗi từ Flask AI cho tỉnh Quảng Trị: Lỗi HTTP 500 - {
  "error": "value 0 for Parameter num_class should be greater equal to 1\nnum_class: Number of output class in the multi-class classification."
}
Lỗi khi gọi Flask AI: HTTP 500 - {
  "error": "value 0 for Parameter num_class should be greater equal to 1\nnum_class: Number of output class in the multi-class classification."
}
Lỗi từ Flask AI cho tỉnh Tây Ninh: Lỗi HTTP 500 - {
  "error": "value 0 for Parameter num_class should be greater equal to 1\nnum_class: Number of output class in the multi-class classification."
}
Invalid controller: ViewsController, URL: /weather_forecast/views/layouts/js/date.jsInvalid controller: ViewsController, URL: /weather_forecast/views/layouts/js/Specificallyforecast.jsInvalid controller: ViewsController, URL: /weather_forecast/views/layouts/js/date.jsInvalid controller: ViewsController, URL: /weather_forecast/views/layouts/js/Specificallyforecast.jsInvalid controller: ViewsController, URL: /weather_forecast/views/layouts/js/date.jsInvalid controller: ViewsController, URL: /weather_forecast/views/layouts/js/Specificallyforecast.jsKhông có dữ liệu lịch sử cho tỉnh ho chi minh.Invalid controller: ViewsController, URL: /weather_forecast/views/layouts/js/Specificallyforecast.jsInvalid controller: ViewsController, URL: /weather_forecast/views/layouts/js/date.jsKhông có dữ liệu lịch sử cho tỉnh ho chi minh.Không có dữ liệu lịch sử cho tỉnh ho chi minh.Không có dữ liệu lịch sử cho tỉnh ho chi minh.Không có dữ liệu lịch sử cho tỉnh nha trang.Không có dữ liệu lịch sử cho tỉnh ho chi minh.Không có dữ liệu lịch sử cho tỉnh nha trang.Không có dữ liệu lịch sử cho tỉnh Hồ Chí Minh.Lỗi khi gọi Flask AI: HTTP 500 - {
  "error": "value 0 for Parameter num_class should be greater equal to 1\nnum_class: Number of output class in the multi-class classification."
}
Lỗi từ Flask AI cho tỉnh Khánh Hòa: Lỗi HTTP 500 - {
  "error": "value 0 for Parameter num_class should be greater equal to 1\nnum_class: Number of output class in the multi-class classification."
}
Lỗi khi gọi Flask AI: HTTP 500 - {
  "error": "value 0 for Parameter num_class should be greater equal to 1\nnum_class: Number of output class in the multi-class classification."
}
Lỗi từ Flask AI cho tỉnh Lai Châu: Lỗi HTTP 500 - {
  "error": "value 0 for Parameter num_class should be greater equal to 1\nnum_class: Number of output class in the multi-class classification."
}
Lỗi khi gọi Flask AI: HTTP 500 - {
  "error": "value 0 for Parameter num_class should be greater equal to 1\nnum_class: Number of output class in the multi-class classification."
}
Lỗi từ Flask AI cho tỉnh Quảng Trị: Lỗi HTTP 500 - {
  "error": "value 0 for Parameter num_class should be greater equal to 1\nnum_class: Number of output class in the multi-class classification."
}
Lỗi khi gọi Flask AI: HTTP 500 - {
  "error": "value 0 for Parameter num_class should be greater equal to 1\nnum_class: Number of output class in the multi-class classification."
}
Lỗi từ Flask AI cho tỉnh Tây Ninh: Lỗi HTTP 500 - {
  "error": "value 0 for Parameter num_class should be greater equal to 1\nnum_class: Number of output class in the multi-class classification."
}
Lỗi khi gọi Flask AI: HTTP 500 - {
  "error": "value 0 for Parameter num_class should be greater equal to 1\nnum_class: Number of output class in the multi-class classification."
}
Lỗi từ Flask AI cho tỉnh Khánh Hòa: Lỗi HTTP 500 - {
  "error": "value 0 for Parameter num_class should be greater equal to 1\nnum_class: Number of output class in the multi-class classification."
}
Lỗi khi gọi Flask AI: HTTP 500 - {
  "error": "value 0 for Parameter num_class should be greater equal to 1\nnum_class: Number of output class in the multi-class classification."
}
Lỗi từ Flask AI cho tỉnh Lai Châu: Lỗi HTTP 500 - {
  "error": "value 0 for Parameter num_class should be greater equal to 1\nnum_class: Number of output class in the multi-class classification."
}
Lỗi khi gọi Flask AI: HTTP 500 - {
  "error": "value 0 for Parameter num_class should be greater equal to 1\nnum_class: Number of output class in the multi-class classification."
}
Lỗi từ Flask AI cho tỉnh Quảng Trị: Lỗi HTTP 500 - {
  "error": "value 0 for Parameter num_class should be greater equal to 1\nnum_class: Number of output class in the multi-class classification."
}
Lỗi khi gọi Flask AI: HTTP 500 - {
  "error": "value 0 for Parameter num_class should be greater equal to 1\nnum_class: Number of output class in the multi-class classification."
}
Lỗi từ Flask AI cho tỉnh Tây Ninh: Lỗi HTTP 500 - {
  "error": "value 0 for Parameter num_class should be greater equal to 1\nnum_class: Number of output class in the multi-class classification."
}
Lỗi khi gọi Flask AI: HTTP 500 - {
  "error": "value 0 for Parameter num_class should be greater equal to 1\nnum_class: Number of output class in the multi-class classification."
}
Lỗi từ Flask AI cho tỉnh Khánh Hòa: Lỗi HTTP 500 - {
  "error": "value 0 for Parameter num_class should be greater equal to 1\nnum_class: Number of output class in the multi-class classification."
}
Lỗi khi gọi Flask AI: HTTP 500 - {
  "error": "value 0 for Parameter num_class should be greater equal to 1\nnum_class: Number of output class in the multi-class classification."
}
Lỗi từ Flask AI cho tỉnh Lai Châu: Lỗi HTTP 500 - {
  "error": "value 0 for Parameter num_class should be greater equal to 1\nnum_class: Number of output class in the multi-class classification."
}
Lỗi khi gọi Flask AI: HTTP 500 - {
  "error": "value 0 for Parameter num_class should be greater equal to 1\nnum_class: Number of output class in the multi-class classification."
}
Lỗi từ Flask AI cho tỉnh Quảng Trị: Lỗi HTTP 500 - {
  "error": "value 0 for Parameter num_class should be greater equal to 1\nnum_class: Number of output class in the multi-class classification."
}
Lỗi khi gọi Flask AI: HTTP 500 - {
  "error": "value 0 for Parameter num_class should be greater equal to 1\nnum_class: Number of output class in the multi-class classification."
}
Lỗi từ Flask AI cho tỉnh Tây Ninh: Lỗi HTTP 500 - {
  "error": "value 0 for Parameter num_class should be greater equal to 1\nnum_class: Number of output class in the multi-class classification."
}
Lỗi khi gọi Flask AI: HTTP 500 - {
  "error": "value 0 for Parameter num_class should be greater equal to 1\nnum_class: Number of output class in the multi-class classification."
}
Lỗi từ Flask AI cho tỉnh Khánh Hòa: Lỗi HTTP 500 - {
  "error": "value 0 for Parameter num_class should be greater equal to 1\nnum_class: Number of output class in the multi-class classification."
}
Lỗi khi gọi Flask AI: HTTP 500 - {
  "error": "value 0 for Parameter num_class should be greater equal to 1\nnum_class: Number of output class in the multi-class classification."
}
Lỗi từ Flask AI cho tỉnh Lai Châu: Lỗi HTTP 500 - {
  "error": "value 0 for Parameter num_class should be greater equal to 1\nnum_class: Number of output class in the multi-class classification."
}
Lỗi khi gọi Flask AI: HTTP 500 - {
  "error": "value 0 for Parameter num_class should be greater equal to 1\nnum_class: Number of output class in the multi-class classification."
}
Lỗi từ Flask AI cho tỉnh Quảng Trị: Lỗi HTTP 500 - {
  "error": "value 0 for Parameter num_class should be greater equal to 1\nnum_class: Number of output class in the multi-class classification."
}
Lỗi khi gọi Flask AI: HTTP 500 - {
  "error": "value 0 for Parameter num_class should be greater equal to 1\nnum_class: Number of output class in the multi-class classification."
}
Lỗi từ Flask AI cho tỉnh Tây Ninh: Lỗi HTTP 500 - {
  "error": "value 0 for Parameter num_class should be greater equal to 1\nnum_class: Number of output class in the multi-class classification."
}
Lỗi khi gọi Flask AI: HTTP 500 - {
  "error": "value 0 for Parameter num_class should be greater equal to 1\nnum_class: Number of output class in the multi-class classification."
}
Lỗi từ Flask AI cho tỉnh Khánh Hòa: Lỗi HTTP 500 - {
  "error": "value 0 for Parameter num_class should be greater equal to 1\nnum_class: Number of output class in the multi-class classification."
}
Lỗi khi gọi Flask AI: HTTP 500 - {
  "error": "value 0 for Parameter num_class should be greater equal to 1\nnum_class: Number of output class in the multi-class classification."
}
Lỗi từ Flask AI cho tỉnh Lai Châu: Lỗi HTTP 500 - {
  "error": "value 0 for Parameter num_class should be greater equal to 1\nnum_class: Number of output class in the multi-class classification."
}
Lỗi khi gọi Flask AI: HTTP 500 - {
  "error": "value 0 for Parameter num_class should be greater equal to 1\nnum_class: Number of output class in the multi-class classification."
}
Lỗi từ Flask AI cho tỉnh Quảng Trị: Lỗi HTTP 500 - {
  "error": "value 0 for Parameter num_class should be greater equal to 1\nnum_class: Number of output class in the multi-class classification."
}
Lỗi khi gọi Flask AI: HTTP 500 - {
  "error": "value 0 for Parameter num_class should be greater equal to 1\nnum_class: Number of output class in the multi-class classification."
}
Lỗi từ Flask AI cho tỉnh Tây Ninh: Lỗi HTTP 500 - {
  "error": "value 0 for Parameter num_class should be greater equal to 1\nnum_class: Number of output class in the multi-class classification."
}
Lỗi khi gọi Flask AI: HTTP 500 - {
  "error": "value 0 for Parameter num_class should be greater equal to 1\nnum_class: Number of output class in the multi-class classification."
}
Lỗi từ Flask AI cho tỉnh Khánh Hòa: Lỗi HTTP 500 - {
  "error": "value 0 for Parameter num_class should be greater equal to 1\nnum_class: Number of output class in the multi-class classification."
}
Lỗi khi gọi Flask AI: HTTP 500 - {
  "error": "value 0 for Parameter num_class should be greater equal to 1\nnum_class: Number of output class in the multi-class classification."
}
Lỗi từ Flask AI cho tỉnh Lai Châu: Lỗi HTTP 500 - {
  "error": "value 0 for Parameter num_class should be greater equal to 1\nnum_class: Number of output class in the multi-class classification."
}
Lỗi khi gọi Flask AI: HTTP 500 - {
  "error": "value 0 for Parameter num_class should be greater equal to 1\nnum_class: Number of output class in the multi-class classification."
}
Lỗi từ Flask AI cho tỉnh Quảng Trị: Lỗi HTTP 500 - {
  "error": "value 0 for Parameter num_class should be greater equal to 1\nnum_class: Number of output class in the multi-class classification."
}
Lỗi khi gọi Flask AI: HTTP 500 - {
  "error": "value 0 for Parameter num_class should be greater equal to 1\nnum_class: Number of output class in the multi-class classification."
}
Lỗi từ Flask AI cho tỉnh Tây Ninh: Lỗi HTTP 500 - {
  "error": "value 0 for Parameter num_class should be greater equal to 1\nnum_class: Number of output class in the multi-class classification."
}
Invalid controller: ViewsController, URL: /weather_forecast/views/layouts/js/Specificallyforecast.jsLỗi khi gọi Flask AI: HTTP 500 - {
  "error": "value 0 for Parameter num_class should be greater equal to 1\nnum_class: Number of output class in the multi-class classification."
}
Lỗi từ Flask AI cho tỉnh Khánh Hòa: Lỗi HTTP 500 - {
  "error": "value 0 for Parameter num_class should be greater equal to 1\nnum_class: Number of output class in the multi-class classification."
}
Lỗi khi gọi Flask AI: HTTP 500 - {
  "error": "value 0 for Parameter num_class should be greater equal to 1\nnum_class: Number of output class in the multi-class classification."
}
Lỗi từ Flask AI cho tỉnh Lai Châu: Lỗi HTTP 500 - {
  "error": "value 0 for Parameter num_class should be greater equal to 1\nnum_class: Number of output class in the multi-class classification."
}
Lỗi khi gọi Flask AI: HTTP 500 - {
  "error": "value 0 for Parameter num_class should be greater equal to 1\nnum_class: Number of output class in the multi-class classification."
}
Lỗi từ Flask AI cho tỉnh Quảng Trị: Lỗi HTTP 500 - {
  "error": "value 0 for Parameter num_class should be greater equal to 1\nnum_class: Number of output class in the multi-class classification."
}
Lỗi khi gọi Flask AI: HTTP 500 - {
  "error": "value 0 for Parameter num_class should be greater equal to 1\nnum_class: Number of output class in the multi-class classification."
}
Lỗi từ Flask AI cho tỉnh Tây Ninh: Lỗi HTTP 500 - {
  "error": "value 0 for Parameter num_class should be greater equal to 1\nnum_class: Number of output class in the multi-class classification."
}
Không thể lấy dữ liệu thời tiết cho thành phố Bình PhướcKhông thể lấy dữ liệu thời tiết cho thành phố Bình ThuậnKhông thể lấy dữ liệu thời tiết cho thành phố Đắk LắkKhông thể lấy dữ liệu thời tiết cho thành phố Đắk NôngKhông thể lấy dữ liệu thời tiết cho thành phố Điện BiênKhông thể lấy dữ liệu thời tiết cho thành phố Đồng NaiKhông thể lấy dữ liệu thời tiết cho thành phố Đồng ThápKhông thể lấy dữ liệu thời tiết cho thành phố Hải DươngKhông thể lấy dữ liệu thời tiết cho thành phố Hậu GiangKhông thể lấy dữ liệu thời tiết cho thành phố Kiên GiangKhông thể lấy dữ liệu thời tiết cho thành phố Lâm ĐồngKhông thể lấy dữ liệu thời tiết cho thành phố Nghệ AnKhông thể lấy dữ liệu thời tiết cho thành phố Ninh ThuậnKhông thể lấy dữ liệu thời tiết cho thành phố Quảng BìnhKhông thể lấy dữ liệu thời tiết cho thành phố Quảng NamKhông thể lấy dữ liệu thời tiết cho thành phố Quảng NinhKhông thể lấy dữ liệu thời tiết cho thành phố Thừa Thiên HuếKhông thể lấy dữ liệu thời tiết cho thành phố Tiền GiangKhông thể lấy dữ liệu thời tiết cho thành phố Phú YênInvalid controller: LogoutController, URL: /weather_forecast/logoutInvalid controller: JsController, URL: /weather_forecast/js/date.jsInvalid controller: JsController, URL: /weather_forecast/js/Specificallyforecast.jsInvalid controller: ViewsController, URL: /weather_forecast/views/layouts/js/date.jsInvalid controller: ViewsController, URL: /weather_forecast/views/layouts/js/Specificallyforecast.jsKhông tìm thấy thành phố phù hợp với từ khóa: nha trangKhông tìm thấy thành phố phù hợp với từ khóa: nha trangInvalid controller: ViewsController, URL: /weather_forecast/views/layouts/js/date.jsInvalid controller: ViewsController, URL: /weather_forecast/views/layouts/js/Specificallyforecast.jsKhông tìm thấy thành phố phù hợp với từ khóa: tp nha trangKhông tìm thấy thành phố phù hợp với từ khóa: nha trangKhông tìm thấy thành phố phù hợp với từ khóa: Nha TrangKhông tìm thấy thành phố phù hợp với từ khóa: nha trangKhông tìm thấy thành phố phù hợp với từ khóa: nha trangKhông thể lấy dữ liệu thời tiết cho thành phố Bình PhướcKhông thể lấy dữ liệu thời tiết cho thành phố Bình ThuậnKhông thể lấy dữ liệu thời tiết cho thành phố Đắk LắkKhông thể lấy dữ liệu thời tiết cho thành phố Đắk NôngKhông thể lấy dữ liệu thời tiết cho thành phố Điện BiênKhông thể lấy dữ liệu thời tiết cho thành phố Đồng NaiKhông thể lấy dữ liệu thời tiết cho thành phố Đồng ThápKhông thể lấy dữ liệu thời tiết cho thành phố Hải DươngKhông thể lấy dữ liệu thời tiết cho thành phố Hậu GiangKhông thể lấy dữ liệu thời tiết cho thành phố Kiên GiangKhông thể lấy dữ liệu thời tiết cho thành phố Lâm ĐồngKhông thể lấy dữ liệu thời tiết cho thành phố Nghệ AnKhông thể lấy dữ liệu thời tiết cho thành phố Ninh ThuậnKhông thể lấy dữ liệu thời tiết cho thành phố Quảng BìnhKhông thể lấy dữ liệu thời tiết cho thành phố Quảng NamKhông thể lấy dữ liệu thời tiết cho thành phố Quảng NinhKhông thể lấy dữ liệu thời tiết cho thành phố Thừa Thiên HuếKhông thể lấy dữ liệu thời tiết cho thành phố Tiền GiangKhông thể lấy dữ liệu thời tiết cho thành phố Phú YênInvalid controller: LogoutController, URL: /weather_forecast/logoutInvalid controller: JsController, URL: /weather_forecast/js/date.jsInvalid controller: JsController, URL: /weather_forecast/js/Specificallyforecast.jsKhông tìm thấy thành phố phù hợp với từ khóa: ho chi minhKhông tìm thấy thành phố phù hợp với từ khóa: hồ chí minhInvalid controller: ViewsController, URL: /weather_forecast/views/layouts/js/Specificallyforecast.jsInvalid controller: ViewsController, URL: /weather_forecast/views/layouts/js/date.jsInvalid controller: ViewsController, URL: /weather_forecast/views/layouts/js/Specificallyforecast.jsInvalid controller: ViewsController, URL: /weather_forecast/views/layouts/js/date.jsInvalid controller: ViewsController, URL: /weather_forecast/views/product/undefinedInvalid controller: ViewsController, URL: /weather_forecast/views/layouts/js/date.jsInvalid controller: ViewsController, URL: /weather_forecast/views/layouts/js/Specificallyforecast.jsLỗi khi gọi Flask AI: HTTP 500 - {
  "error": "value 0 for Parameter num_class should be greater equal to 1\nnum_class: Number of output class in the multi-class classification."
}
Lỗi từ Flask AI cho tỉnh Nha Trang: Lỗi HTTP 500 - {
  "error": "value 0 for Parameter num_class should be greater equal to 1\nnum_class: Number of output class in the multi-class classification."
}
Lỗi khi gọi Flask AI: HTTP 500 - {
  "error": "value 0 for Parameter num_class should be greater equal to 1\nnum_class: Number of output class in the multi-class classification."
}
Lỗi từ Flask AI cho tỉnh Nha Trang: Lỗi HTTP 500 - {
  "error": "value 0 for Parameter num_class should be greater equal to 1\nnum_class: Number of output class in the multi-class classification."
}
Lỗi khi gọi Flask AI: HTTP 500 - {
  "error": "value 0 for Parameter num_class should be greater equal to 1\nnum_class: Number of output class in the multi-class classification."
}
Lỗi từ Flask AI cho tỉnh Nha Trang: Lỗi HTTP 500 - {
  "error": "value 0 for Parameter num_class should be greater equal to 1\nnum_class: Number of output class in the multi-class classification."
}
Lỗi khi gọi Flask AI: HTTP 0 - Lỗi từ Flask AI cho tỉnh Hà Nội: Lỗi HTTP 0 - Lỗi khi gọi Flask AI: HTTP 0 - Lỗi từ Flask AI cho tỉnh Hà Nội: Lỗi HTTP 0 - Lỗi khi gọi Flask AI: HTTP 0 - Lỗi từ Flask AI cho tỉnh Hà Nội: Lỗi HTTP 0 - Lỗi khi gọi Flask AI: HTTP 0 - Lỗi từ Flask AI cho tỉnh Hà Nội: Lỗi HTTP 0 - Lỗi khi gọi Flask AI: HTTP 0 - Lỗi từ Flask AI cho tỉnh Hà Nội: Lỗi HTTP 0 - Lỗi khi gọi Flask AI: HTTP 0 - Lỗi từ Flask AI cho tỉnh Hà Nội: Lỗi HTTP 0 - Lỗi khi gọi Flask AI: HTTP 0 - Lỗi từ Flask AI cho tỉnh Hà Nội: Lỗi HTTP 0 - Lỗi khi gọi Flask AI: HTTP 0 - Lỗi từ Flask AI cho tỉnh Hà Nội: Lỗi HTTP 0 - Lỗi khi gọi Flask AI: HTTP 0 - Lỗi từ Flask AI cho tỉnh Hà Nội: Lỗi HTTP 0 - Lỗi khi gọi Flask AI: HTTP 500 - {
  "error": "value 0 for Parameter num_class should be greater equal to 1\nnum_class: Number of output class in the multi-class classification."
}
Lỗi từ Flask AI cho tỉnh Hà Nội: Lỗi HTTP 500 - {
  "error": "value 0 for Parameter num_class should be greater equal to 1\nnum_class: Number of output class in the multi-class classification."
}
Lỗi khi gọi Flask AI: HTTP 500 - {
  "error": "\"None of [Index(['day_of_week', 'month', 'temp_lag1', 'humidity_lag1',\\n       'wind_speed_lag1'],\\n      dtype='object')] are in the [columns]\""
}
Lỗi từ Flask AI cho tỉnh Hà Nội: Lỗi HTTP 500 - {
  "error": "\"None of [Index(['day_of_week', 'month', 'temp_lag1', 'humidity_lag1',\\n       'wind_speed_lag1'],\\n      dtype='object')] are in the [columns]\""
}
Invalid controller: ViewsController, URL: /weather_forecast/views/product/undefinedInvalid controller: ViewsController, URL: /weather_forecast/views/layouts/js/date.jsInvalid controller: ViewsController, URL: /weather_forecast/views/layouts/js/Specificallyforecast.jsInvalid controller: ViewsController, URL: /weather_forecast/views/layouts/js/Specificallyforecast.jsInvalid controller: ViewsController, URL: /weather_forecast/views/layouts/js/date.jsInvalid controller: ViewsController, URL: /weather_forecast/views/product/undefinedInvalid controller: ViewsController, URL: /weather_forecast/views/layouts/js/date.jsInvalid controller: ViewsController, URL: /weather_forecast/views/layouts/js/Specificallyforecast.jsInvalid controller: ViewsController, URL: /weather_forecast/views/layouts/js/date.jsInvalid controller: ViewsController, URL: /weather_forecast/views/layouts/js/Specificallyforecast.jsInvalid controller: ViewsController, URL: /weather_forecast/views/layouts/js/date.jsInvalid controller: ViewsController, URL: /weather_forecast/views/layouts/js/Specificallyforecast.jsInvalid controller: ViewsController, URL: /weather_forecast/views/product/undefinedKhông thể lấy dữ liệu thời tiết cho thành phố Bình PhướcKhông thể lấy dữ liệu thời tiết cho thành phố Bình ThuậnKhông thể lấy dữ liệu thời tiết cho thành phố Đắk LắkKhông thể lấy dữ liệu thời tiết cho thành phố Đắk NôngKhông thể lấy dữ liệu thời tiết cho thành phố Điện BiênKhông thể lấy dữ liệu thời tiết cho thành phố Đồng NaiKhông thể lấy dữ liệu thời tiết cho thành phố Đồng ThápKhông thể lấy dữ liệu thời tiết cho thành phố Hải DươngKhông thể lấy dữ liệu thời tiết cho thành phố Hậu GiangKhông thể lấy dữ liệu thời tiết cho thành phố Kiên GiangKhông thể lấy dữ liệu thời tiết cho thành phố Lâm ĐồngKhông thể lấy dữ liệu thời tiết cho thành phố Nghệ AnKhông thể lấy dữ liệu thời tiết cho thành phố Ninh ThuậnKhông thể lấy dữ liệu thời tiết cho thành phố Quảng BìnhKhông thể lấy dữ liệu thời tiết cho thành phố Quảng NamKhông thể lấy dữ liệu thời tiết cho thành phố Quảng NinhKhông thể lấy dữ liệu thời tiết cho thành phố Thừa Thiên HuếKhông thể lấy dữ liệu thời tiết cho thành phố Tiền GiangKhông thể lấy dữ liệu thời tiết cho thành phố Phú YênInvalid controller: LogoutController, URL: /weather_forecast/logoutInvalid controller: JsController, URL: /weather_forecast/js/date.jsInvalid controller: JsController, URL: /weather_forecast/js/Specificallyforecast.jsLỗi khi gọi Flask AI: HTTP 0 - Lỗi từ Flask AI cho tỉnh Hà Nội: Lỗi HTTP 0 - Invalid controller: ViewsController, URL: /weather_forecast/views/layouts/js/date.jsInvalid controller: ViewsController, URL: /weather_forecast/views/layouts/js/Specificallyforecast.jsInvalid controller: ViewsController, URL: /weather_forecast/views/product/undefinedInvalid controller: ViewsController, URL: /weather_forecast/views/layouts/js/date.jsInvalid controller: ViewsController, URL: /weather_forecast/views/layouts/js/Specificallyforecast.jsInvalid controller: ViewsController, URL: /weather_forecast/views/product/undefinedInvalid controller: ViewsController, URL: /weather_forecast/views/product/undefinedInvalid controller: ViewsController, URL: /weather_forecast/views/layouts/js/date.jsInvalid controller: ViewsController, URL: /weather_forecast/views/layouts/js/Specificallyforecast.js