2025-05-21 18:43:41,587 - INFO - [31m[1mWARNING: This is a development server. Do not use it in a production deployment. Use a production WSGI server instead.[0m
 * Running on all addresses (0.0.0.0)
 * Running on http://127.0.0.1:5000
 * Running on http://172.16.17.51:5000
2025-05-21 18:43:41,587 - INFO - [33mPress CTRL+C to quit[0m
2025-05-21 18:43:41,587 - INFO -  * Restarting with stat
2025-05-21 18:43:42,800 - WARNING -  * Debugger is active!
2025-05-21 18:43:42,801 - INFO -  * Debugger PIN: 137-803-718
2025-05-21 18:43:49,976 - INFO - Yêu c\u1ea7u nh\u1eadn \u0111\u01b0\u1ee3c: {'historical_data': [{'date': '2025-05-21', 'temperature': 33, 'humidity': 64, 'wind_speed': 6.21, 'condition': 'overcast clouds'}, {'date': '2025-05-20', 'temperature': 27.32, 'humidity': 83, 'wind_speed': 6.01, 'condition': 'overcast clouds'}, {'date': '2025-05-18', 'temperature': 25.54, 'humidity': 95, 'wind_speed': 1.96, 'condition': 'moderate rain'}, {'date': '2025-05-17', 'temperature': 28.88, 'humidity': 76, 'wind_speed': 1.9, 'condition': 'overcast clouds'}, {'date': '2025-05-16', 'temperature': 30.63, 'humidity': 71, 'wind_speed': 3.65, 'condition': 'broken clouds'}, {'date': '2025-05-15', 'temperature': 25.56, 'humidity': 95, 'wind_speed': 2.82, 'condition': 'moderate rain'}, {'date': '2025-05-14', 'temperature': 30.96, 'humidity': 61, 'wind_speed': 2.95, 'condition': 'broken clouds'}], 'current_temp': 31, 'current_humidity': 79, 'current_condition': 'overcast clouds', 'current_wind_speed': 5.8, 'days_ahead': 3}
2025-05-21 18:43:49,996 - INFO - D\u1eef li\u1ec7u \u0111\u1ea7u vào:          date  temperature  humidity  wind_speed        condition
0  2025-05-21        33.00        64        6.21  overcast clouds
1  2025-05-20        27.32        83        6.01  overcast clouds
2  2025-05-18        25.54        95        1.96    moderate rain
3  2025-05-17        28.88        76        1.90  overcast clouds
4  2025-05-16        30.63        71        3.65    broken clouds
2025-05-21 18:43:49,996 - INFO - Mapping description 'overcast clouds'
2025-05-21 18:43:49,996 - INFO - Matched clouds -> 'clouds'
2025-05-21 18:43:49,996 - INFO - Mapping description 'overcast clouds'
2025-05-21 18:43:49,996 - INFO - Matched clouds -> 'clouds'
2025-05-21 18:43:49,996 - INFO - Mapping description 'moderate rain'
2025-05-21 18:43:49,996 - INFO - Matched rain -> 'rain'
2025-05-21 18:43:49,996 - INFO - Mapping description 'overcast clouds'
2025-05-21 18:43:49,996 - INFO - Matched clouds -> 'clouds'
2025-05-21 18:43:49,998 - INFO - Mapping description 'broken clouds'
2025-05-21 18:43:49,998 - INFO - Matched clouds -> 'clouds'
2025-05-21 18:43:49,998 - INFO - Mapping description 'moderate rain'
2025-05-21 18:43:49,998 - INFO - Matched rain -> 'rain'
2025-05-21 18:43:49,998 - INFO - Mapping description 'broken clouds'
2025-05-21 18:43:49,998 - INFO - Matched clouds -> 'clouds'
2025-05-21 18:43:50,001 - INFO - DataFrame columns after feature engineering: ['date', 'temperature', 'humidity', 'wind_speed', 'condition', 'day_of_week', 'month', 'temp_lag1', 'humidity_lag1', 'wind_speed_lag1']
2025-05-21 18:43:50,001 - INFO - Unique conditions after mapping: ['clouds' 'rain']
2025-05-21 18:43:50,017 - ERROR - L\u1ed7i hu\u1ea5n luy\u1ec7n model_condition: value 0 for Parameter num_class should be greater equal to 1
num_class: Number of output class in the multi-class classification.. \u0110\u1eb7t model_condition là None.
2025-05-21 18:43:50,095 - INFO - Hu\u1ea5n luy\u1ec7n mô hình thành công
2025-05-21 18:43:50,097 - INFO - Mapping description 'overcast clouds'
2025-05-21 18:43:50,097 - INFO - Matched clouds -> 'clouds'
2025-05-21 18:43:50,099 - INFO - D\u1ef1 \u0111oán ngày 2025-05-22 18:43:50.097127: temp=25, humidity=94.98, wind=2.82, condition=unknown
2025-05-21 18:43:50,101 - INFO - D\u1ef1 \u0111oán ngày 2025-05-23 18:43:50.097127: temp=30, humidity=71.02, wind=2.0, condition=unknown
2025-05-21 18:43:50,102 - INFO - D\u1ef1 \u0111oán ngày 2025-05-24 18:43:50.097127: temp=28, humidity=76.01, wind=3.04, condition=unknown
2025-05-21 18:43:50,103 - INFO - D\u1ef1 \u0111oán cu\u1ed1i cùng: [{'date': '2025-05-22', 'temperature': 25, 'humidity': 94.98, 'wind_speed': 2.82, 'condition': 'unknown'}, {'date': '2025-05-23', 'temperature': 30, 'humidity': 71.02, 'wind_speed': 2.0, 'condition': 'unknown'}, {'date': '2025-05-24', 'temperature': 28, 'humidity': 76.01, 'wind_speed': 3.04, 'condition': 'unknown'}]
2025-05-21 18:43:50,103 - INFO - 127.0.0.1 - - [21/May/2025 18:43:50] "POST /predict HTTP/1.1" 200 -
2025-05-21 18:44:16,560 - INFO - Yêu c\u1ea7u nh\u1eadn \u0111\u01b0\u1ee3c: {'historical_data': [{'date': '2025-05-21', 'temperature': 32, 'humidity': 68, 'wind_speed': 3.49, 'condition': 'light rain'}, {'date': '2025-05-20', 'temperature': 27.03, 'humidity': 81, 'wind_speed': 1.15, 'condition': 'broken clouds'}, {'date': '2025-05-18', 'temperature': 25.98, 'humidity': 87, 'wind_speed': 1.89, 'condition': 'broken clouds'}], 'current_temp': 30, 'current_humidity': 80, 'current_condition': 'broken clouds', 'current_wind_speed': 2.06, 'days_ahead': 3}
2025-05-21 18:44:16,560 - INFO - D\u1eef li\u1ec7u \u0111\u1ea7u vào:          date  temperature  humidity  wind_speed      condition
0  2025-05-21        32.00        68        3.49     light rain
1  2025-05-20        27.03        81        1.15  broken clouds
2  2025-05-18        25.98        87        1.89  broken clouds
2025-05-21 18:44:16,560 - INFO - Mapping description 'light rain'
2025-05-21 18:44:16,560 - INFO - Matched rain -> 'rain'
2025-05-21 18:44:16,560 - INFO - Mapping description 'broken clouds'
2025-05-21 18:44:16,560 - INFO - Matched clouds -> 'clouds'
2025-05-21 18:44:16,560 - INFO - Mapping description 'broken clouds'
2025-05-21 18:44:16,560 - INFO - Matched clouds -> 'clouds'
2025-05-21 18:44:16,574 - INFO - DataFrame columns after feature engineering: ['date', 'temperature', 'humidity', 'wind_speed', 'condition', 'day_of_week', 'month', 'temp_lag1', 'humidity_lag1', 'wind_speed_lag1']
2025-05-21 18:44:16,574 - INFO - Unique conditions after mapping: ['rain' 'clouds']
2025-05-21 18:44:16,588 - ERROR - L\u1ed7i hu\u1ea5n luy\u1ec7n model_condition: value 0 for Parameter num_class should be greater equal to 1
num_class: Number of output class in the multi-class classification.. \u0110\u1eb7t model_condition là None.
2025-05-21 18:44:16,669 - INFO - Hu\u1ea5n luy\u1ec7n mô hình thành công
2025-05-21 18:44:16,670 - INFO - Mapping description 'broken clouds'
2025-05-21 18:44:16,670 - INFO - Matched clouds -> 'clouds'
2025-05-21 18:44:16,673 - INFO - D\u1ef1 \u0111oán ngày 2025-05-22 18:44:16.670725: temp=31, humidity=68.06, wind=3.48, condition=unknown
2025-05-21 18:44:16,676 - INFO - D\u1ef1 \u0111oán ngày 2025-05-23 18:44:16.670725: temp=31, humidity=68.06, wind=3.48, condition=unknown
2025-05-21 18:44:16,678 - INFO - D\u1ef1 \u0111oán ngày 2025-05-24 18:44:16.670725: temp=31, humidity=68.06, wind=3.48, condition=unknown
2025-05-21 18:44:16,678 - INFO - D\u1ef1 \u0111oán cu\u1ed1i cùng: [{'date': '2025-05-22', 'temperature': 31, 'humidity': 68.06, 'wind_speed': 3.48, 'condition': 'unknown'}, {'date': '2025-05-23', 'temperature': 31, 'humidity': 68.06, 'wind_speed': 3.48, 'condition': 'unknown'}, {'date': '2025-05-24', 'temperature': 31, 'humidity': 68.06, 'wind_speed': 3.48, 'condition': 'unknown'}]
2025-05-21 18:44:16,678 - INFO - 127.0.0.1 - - [21/May/2025 18:44:16] "POST /predict HTTP/1.1" 200 -
2025-05-21 18:45:29,652 - INFO - Yêu c\u1ea7u nh\u1eadn \u0111\u01b0\u1ee3c: {'historical_data': [{'date': '2025-05-21', 'temperature': 31.71, 'humidity': 68, 'wind_speed': 2.68, 'condition': 'light rain'}, {'date': '2025-05-20', 'temperature': 29.48, 'humidity': 75, 'wind_speed': 0.89, 'condition': 'broken clouds'}, {'date': '2025-05-18', 'temperature': 28.37, 'humidity': 80, 'wind_speed': 3.13, 'condition': 'overcast clouds'}, {'date': '2025-05-17', 'temperature': 31.71, 'humidity': 69, 'wind_speed': 1.34, 'condition': 'overcast clouds'}, {'date': '2025-05-16', 'temperature': 33.93, 'humidity': 65, 'wind_speed': 2.68, 'condition': 'overcast clouds'}, {'date': '2025-05-15', 'temperature': 30.04, 'humidity': 77, 'wind_speed': 2.24, 'condition': 'overcast clouds'}, {'date': '2025-05-14', 'temperature': 33.93, 'humidity': 66, 'wind_speed': 2.24, 'condition': 'overcast clouds'}], 'current_temp': 27.82, 'current_humidity': 79, 'current_condition': 'moderate rain', 'current_wind_speed': 1.54, 'days_ahead': 3}
2025-05-21 18:45:29,652 - INFO - D\u1eef li\u1ec7u \u0111\u1ea7u vào:          date  temperature  humidity  wind_speed        condition
0  2025-05-21        31.71        68        2.68       light rain
1  2025-05-20        29.48        75        0.89    broken clouds
2  2025-05-18        28.37        80        3.13  overcast clouds
3  2025-05-17        31.71        69        1.34  overcast clouds
4  2025-05-16        33.93        65        2.68  overcast clouds
2025-05-21 18:45:29,652 - INFO - Mapping description 'light rain'
2025-05-21 18:45:29,652 - INFO - Matched rain -> 'rain'
2025-05-21 18:45:29,652 - INFO - Mapping description 'broken clouds'
2025-05-21 18:45:29,652 - INFO - Matched clouds -> 'clouds'
2025-05-21 18:45:29,652 - INFO - Mapping description 'overcast clouds'
2025-05-21 18:45:29,668 - INFO - Matched clouds -> 'clouds'
2025-05-21 18:45:29,668 - INFO - Mapping description 'overcast clouds'
2025-05-21 18:45:29,669 - INFO - Matched clouds -> 'clouds'
2025-05-21 18:45:29,669 - INFO - Mapping description 'overcast clouds'
2025-05-21 18:45:29,669 - INFO - Matched clouds -> 'clouds'
2025-05-21 18:45:29,669 - INFO - Mapping description 'overcast clouds'
2025-05-21 18:45:29,669 - INFO - Matched clouds -> 'clouds'
2025-05-21 18:45:29,669 - INFO - Mapping description 'overcast clouds'
2025-05-21 18:45:29,670 - INFO - Matched clouds -> 'clouds'
2025-05-21 18:45:29,670 - INFO - DataFrame columns after feature engineering: ['date', 'temperature', 'humidity', 'wind_speed', 'condition', 'day_of_week', 'month', 'temp_lag1', 'humidity_lag1', 'wind_speed_lag1']
2025-05-21 18:45:29,670 - INFO - Unique conditions after mapping: ['rain' 'clouds']
2025-05-21 18:45:29,700 - ERROR - L\u1ed7i hu\u1ea5n luy\u1ec7n model_condition: value 0 for Parameter num_class should be greater equal to 1
num_class: Number of output class in the multi-class classification.. \u0110\u1eb7t model_condition là None.
2025-05-21 18:45:30,044 - INFO - Hu\u1ea5n luy\u1ec7n mô hình thành công
2025-05-21 18:45:30,047 - INFO - Mapping description 'moderate rain'
2025-05-21 18:45:30,047 - INFO - Matched rain -> 'rain'
2025-05-21 18:45:30,055 - INFO - D\u1ef1 \u0111oán ngày 2025-05-22 18:45:30.047656: temp=32, humidity=67.19, wind=2.31, condition=unknown
2025-05-21 18:45:30,061 - INFO - D\u1ef1 \u0111oán ngày 2025-05-23 18:45:30.047656: temp=31, humidity=76.97, wind=2.56, condition=unknown
2025-05-21 18:45:30,067 - INFO - D\u1ef1 \u0111oán ngày 2025-05-24 18:45:30.047656: temp=30, humidity=69.01, wind=2.55, condition=unknown
2025-05-21 18:45:30,067 - INFO - D\u1ef1 \u0111oán cu\u1ed1i cùng: [{'date': '2025-05-22', 'temperature': 32, 'humidity': 67.19, 'wind_speed': 2.31, 'condition': 'unknown'}, {'date': '2025-05-23', 'temperature': 31, 'humidity': 76.97, 'wind_speed': 2.56, 'condition': 'unknown'}, {'date': '2025-05-24', 'temperature': 30, 'humidity': 69.01, 'wind_speed': 2.55, 'condition': 'unknown'}]
2025-05-21 18:45:30,068 - INFO - 127.0.0.1 - - [21/May/2025 18:45:30] "POST /predict HTTP/1.1" 200 -
2025-05-21 18:47:06,326 - INFO - Yêu c\u1ea7u nh\u1eadn \u0111\u01b0\u1ee3c: {'historical_data': [{'date': '2025-05-21', 'temperature': 31.71, 'humidity': 68, 'wind_speed': 2.68, 'condition': 'light rain'}, {'date': '2025-05-20', 'temperature': 29.48, 'humidity': 75, 'wind_speed': 0.89, 'condition': 'broken clouds'}, {'date': '2025-05-18', 'temperature': 28.37, 'humidity': 80, 'wind_speed': 3.13, 'condition': 'overcast clouds'}, {'date': '2025-05-17', 'temperature': 31.71, 'humidity': 69, 'wind_speed': 1.34, 'condition': 'overcast clouds'}, {'date': '2025-05-16', 'temperature': 33.93, 'humidity': 65, 'wind_speed': 2.68, 'condition': 'overcast clouds'}, {'date': '2025-05-15', 'temperature': 30.04, 'humidity': 77, 'wind_speed': 2.24, 'condition': 'overcast clouds'}, {'date': '2025-05-14', 'temperature': 33.93, 'humidity': 66, 'wind_speed': 2.24, 'condition': 'overcast clouds'}], 'current_temp': 27.82, 'current_humidity': 79, 'current_condition': 'moderate rain', 'current_wind_speed': 1.54, 'days_ahead': 3}
2025-05-21 18:47:06,338 - INFO - D\u1eef li\u1ec7u \u0111\u1ea7u vào:          date  temperature  humidity  wind_speed        condition
0  2025-05-21        31.71        68        2.68       light rain
1  2025-05-20        29.48        75        0.89    broken clouds
2  2025-05-18        28.37        80        3.13  overcast clouds
3  2025-05-17        31.71        69        1.34  overcast clouds
4  2025-05-16        33.93        65        2.68  overcast clouds
2025-05-21 18:47:06,339 - INFO - Mapping description 'light rain'
2025-05-21 18:47:06,339 - INFO - Matched rain -> 'rain'
2025-05-21 18:47:06,340 - INFO - Mapping description 'broken clouds'
2025-05-21 18:47:06,340 - INFO - Matched clouds -> 'clouds'
2025-05-21 18:47:06,340 - INFO - Mapping description 'overcast clouds'
2025-05-21 18:47:06,340 - INFO - Matched clouds -> 'clouds'
2025-05-21 18:47:06,340 - INFO - Mapping description 'overcast clouds'
2025-05-21 18:47:06,340 - INFO - Matched clouds -> 'clouds'
2025-05-21 18:47:06,340 - INFO - Mapping description 'overcast clouds'
2025-05-21 18:47:06,340 - INFO - Matched clouds -> 'clouds'
2025-05-21 18:47:06,340 - INFO - Mapping description 'overcast clouds'
2025-05-21 18:47:06,340 - INFO - Matched clouds -> 'clouds'
2025-05-21 18:47:06,340 - INFO - Mapping description 'overcast clouds'
2025-05-21 18:47:06,340 - INFO - Matched clouds -> 'clouds'
2025-05-21 18:47:06,346 - INFO - DataFrame columns after feature engineering: ['date', 'temperature', 'humidity', 'wind_speed', 'condition', 'day_of_week', 'month', 'temp_lag1', 'humidity_lag1', 'wind_speed_lag1']
2025-05-21 18:47:06,346 - INFO - Unique conditions after mapping: ['rain' 'clouds']
2025-05-21 18:47:06,364 - ERROR - L\u1ed7i hu\u1ea5n luy\u1ec7n model_condition: value 0 for Parameter num_class should be greater equal to 1
num_class: Number of output class in the multi-class classification.. \u0110\u1eb7t model_condition là None.
2025-05-21 18:47:06,718 - INFO - Hu\u1ea5n luy\u1ec7n mô hình thành công
2025-05-21 18:47:06,721 - INFO - Mapping description 'moderate rain'
2025-05-21 18:47:06,721 - INFO - Matched rain -> 'rain'
2025-05-21 18:47:06,728 - INFO - D\u1ef1 \u0111oán ngày 2025-05-22 18:47:06.721209: temp=32, humidity=67.19, wind=2.31, condition=unknown
2025-05-21 18:47:06,733 - INFO - D\u1ef1 \u0111oán ngày 2025-05-23 18:47:06.721209: temp=31, humidity=76.97, wind=2.56, condition=unknown
2025-05-21 18:47:06,739 - INFO - D\u1ef1 \u0111oán ngày 2025-05-24 18:47:06.721209: temp=30, humidity=69.01, wind=2.55, condition=unknown
2025-05-21 18:47:06,739 - INFO - D\u1ef1 \u0111oán cu\u1ed1i cùng: [{'date': '2025-05-22', 'temperature': 32, 'humidity': 67.19, 'wind_speed': 2.31, 'condition': 'unknown'}, {'date': '2025-05-23', 'temperature': 31, 'humidity': 76.97, 'wind_speed': 2.56, 'condition': 'unknown'}, {'date': '2025-05-24', 'temperature': 30, 'humidity': 69.01, 'wind_speed': 2.55, 'condition': 'unknown'}]
2025-05-21 18:47:06,740 - INFO - 127.0.0.1 - - [21/May/2025 18:47:06] "POST /predict HTTP/1.1" 200 -
2025-05-21 18:48:45,590 - INFO - Yêu c\u1ea7u nh\u1eadn \u0111\u01b0\u1ee3c: {'historical_data': [{'date': '2025-05-21', 'temperature': 33, 'humidity': 64, 'wind_speed': 6.21, 'condition': 'overcast clouds'}, {'date': '2025-05-20', 'temperature': 27.32, 'humidity': 83, 'wind_speed': 6.01, 'condition': 'overcast clouds'}, {'date': '2025-05-18', 'temperature': 25.54, 'humidity': 95, 'wind_speed': 1.96, 'condition': 'moderate rain'}, {'date': '2025-05-17', 'temperature': 28.88, 'humidity': 76, 'wind_speed': 1.9, 'condition': 'overcast clouds'}, {'date': '2025-05-16', 'temperature': 30.63, 'humidity': 71, 'wind_speed': 3.65, 'condition': 'broken clouds'}, {'date': '2025-05-15', 'temperature': 25.56, 'humidity': 95, 'wind_speed': 2.82, 'condition': 'moderate rain'}, {'date': '2025-05-14', 'temperature': 30.96, 'humidity': 61, 'wind_speed': 2.95, 'condition': 'broken clouds'}], 'current_temp': 31, 'current_humidity': 79, 'current_condition': 'overcast clouds', 'current_wind_speed': 5.06, 'days_ahead': 3}
2025-05-21 18:48:45,604 - INFO - D\u1eef li\u1ec7u \u0111\u1ea7u vào:          date  temperature  humidity  wind_speed        condition
0  2025-05-21        33.00        64        6.21  overcast clouds
1  2025-05-20        27.32        83        6.01  overcast clouds
2  2025-05-18        25.54        95        1.96    moderate rain
3  2025-05-17        28.88        76        1.90  overcast clouds
4  2025-05-16        30.63        71        3.65    broken clouds
2025-05-21 18:48:45,604 - INFO - Mapping description 'overcast clouds'
2025-05-21 18:48:45,604 - INFO - Matched clouds -> 'clouds'
2025-05-21 18:48:45,604 - INFO - Mapping description 'overcast clouds'
2025-05-21 18:48:45,604 - INFO - Matched clouds -> 'clouds'
2025-05-21 18:48:45,604 - INFO - Mapping description 'moderate rain'
2025-05-21 18:48:45,605 - INFO - Matched rain -> 'rain'
2025-05-21 18:48:45,605 - INFO - Mapping description 'overcast clouds'
2025-05-21 18:48:45,605 - INFO - Matched clouds -> 'clouds'
2025-05-21 18:48:45,605 - INFO - Mapping description 'broken clouds'
2025-05-21 18:48:45,605 - INFO - Matched clouds -> 'clouds'
2025-05-21 18:48:45,605 - INFO - Mapping description 'moderate rain'
2025-05-21 18:48:45,605 - INFO - Matched rain -> 'rain'
2025-05-21 18:48:45,605 - INFO - Mapping description 'broken clouds'
2025-05-21 18:48:45,605 - INFO - Matched clouds -> 'clouds'
2025-05-21 18:48:45,612 - INFO - DataFrame columns after feature engineering: ['date', 'temperature', 'humidity', 'wind_speed', 'condition', 'day_of_week', 'month', 'temp_lag1', 'humidity_lag1', 'wind_speed_lag1']
2025-05-21 18:48:45,612 - INFO - Unique conditions after mapping: ['clouds' 'rain']
2025-05-21 18:48:45,631 - ERROR - L\u1ed7i hu\u1ea5n luy\u1ec7n model_condition: value 0 for Parameter num_class should be greater equal to 1
num_class: Number of output class in the multi-class classification.. \u0110\u1eb7t model_condition là None.
2025-05-21 18:48:45,958 - INFO - Hu\u1ea5n luy\u1ec7n mô hình thành công
2025-05-21 18:48:45,961 - INFO - Mapping description 'overcast clouds'
2025-05-21 18:48:45,961 - INFO - Matched clouds -> 'clouds'
2025-05-21 18:48:45,969 - INFO - D\u1ef1 \u0111oán ngày 2025-05-22 18:48:45.961799: temp=25, humidity=94.98, wind=2.82, condition=unknown
2025-05-21 18:48:45,975 - INFO - D\u1ef1 \u0111oán ngày 2025-05-23 18:48:45.961799: temp=30, humidity=71.02, wind=2.0, condition=unknown
2025-05-21 18:48:45,979 - INFO - D\u1ef1 \u0111oán ngày 2025-05-24 18:48:45.961799: temp=28, humidity=76.01, wind=3.04, condition=unknown
2025-05-21 18:48:45,980 - INFO - D\u1ef1 \u0111oán cu\u1ed1i cùng: [{'date': '2025-05-22', 'temperature': 25, 'humidity': 94.98, 'wind_speed': 2.82, 'condition': 'unknown'}, {'date': '2025-05-23', 'temperature': 30, 'humidity': 71.02, 'wind_speed': 2.0, 'condition': 'unknown'}, {'date': '2025-05-24', 'temperature': 28, 'humidity': 76.01, 'wind_speed': 3.04, 'condition': 'unknown'}]
2025-05-21 18:48:45,980 - INFO - 127.0.0.1 - - [21/May/2025 18:48:45] "POST /predict HTTP/1.1" 200 -
2025-05-21 18:48:49,492 - INFO - Yêu c\u1ea7u nh\u1eadn \u0111\u01b0\u1ee3c: {'historical_data': [{'date': '2025-05-21', 'temperature': 31.71, 'humidity': 68, 'wind_speed': 2.68, 'condition': 'light rain'}, {'date': '2025-05-20', 'temperature': 29.48, 'humidity': 75, 'wind_speed': 0.89, 'condition': 'broken clouds'}, {'date': '2025-05-18', 'temperature': 28.37, 'humidity': 80, 'wind_speed': 3.13, 'condition': 'overcast clouds'}, {'date': '2025-05-17', 'temperature': 31.71, 'humidity': 69, 'wind_speed': 1.34, 'condition': 'overcast clouds'}, {'date': '2025-05-16', 'temperature': 33.93, 'humidity': 65, 'wind_speed': 2.68, 'condition': 'overcast clouds'}, {'date': '2025-05-15', 'temperature': 30.04, 'humidity': 77, 'wind_speed': 2.24, 'condition': 'overcast clouds'}, {'date': '2025-05-14', 'temperature': 33.93, 'humidity': 66, 'wind_speed': 2.24, 'condition': 'overcast clouds'}], 'current_temp': 27.82, 'current_humidity': 79, 'current_condition': 'moderate rain', 'current_wind_speed': 1.54, 'days_ahead': 3}
2025-05-21 18:48:49,504 - INFO - D\u1eef li\u1ec7u \u0111\u1ea7u vào:          date  temperature  humidity  wind_speed        condition
0  2025-05-21        31.71        68        2.68       light rain
1  2025-05-20        29.48        75        0.89    broken clouds
2  2025-05-18        28.37        80        3.13  overcast clouds
3  2025-05-17        31.71        69        1.34  overcast clouds
4  2025-05-16        33.93        65        2.68  overcast clouds
2025-05-21 18:48:49,505 - INFO - Mapping description 'light rain'
2025-05-21 18:48:49,505 - INFO - Matched rain -> 'rain'
2025-05-21 18:48:49,505 - INFO - Mapping description 'broken clouds'
2025-05-21 18:48:49,505 - INFO - Matched clouds -> 'clouds'
2025-05-21 18:48:49,505 - INFO - Mapping description 'overcast clouds'
2025-05-21 18:48:49,505 - INFO - Matched clouds -> 'clouds'
2025-05-21 18:48:49,506 - INFO - Mapping description 'overcast clouds'
2025-05-21 18:48:49,506 - INFO - Matched clouds -> 'clouds'
2025-05-21 18:48:49,506 - INFO - Mapping description 'overcast clouds'
2025-05-21 18:48:49,506 - INFO - Matched clouds -> 'clouds'
2025-05-21 18:48:49,506 - INFO - Mapping description 'overcast clouds'
2025-05-21 18:48:49,506 - INFO - Matched clouds -> 'clouds'
2025-05-21 18:48:49,506 - INFO - Mapping description 'overcast clouds'
2025-05-21 18:48:49,506 - INFO - Matched clouds -> 'clouds'
2025-05-21 18:48:49,513 - INFO - DataFrame columns after feature engineering: ['date', 'temperature', 'humidity', 'wind_speed', 'condition', 'day_of_week', 'month', 'temp_lag1', 'humidity_lag1', 'wind_speed_lag1']
2025-05-21 18:48:49,514 - INFO - Unique conditions after mapping: ['rain' 'clouds']
2025-05-21 18:48:49,539 - ERROR - L\u1ed7i hu\u1ea5n luy\u1ec7n model_condition: value 0 for Parameter num_class should be greater equal to 1
num_class: Number of output class in the multi-class classification.. \u0110\u1eb7t model_condition là None.
2025-05-21 18:48:49,896 - INFO - Hu\u1ea5n luy\u1ec7n mô hình thành công
2025-05-21 18:48:49,899 - INFO - Mapping description 'moderate rain'
2025-05-21 18:48:49,899 - INFO - Matched rain -> 'rain'
2025-05-21 18:48:49,907 - INFO - D\u1ef1 \u0111oán ngày 2025-05-22 18:48:49.899237: temp=32, humidity=67.19, wind=2.31, condition=unknown
2025-05-21 18:48:49,912 - INFO - D\u1ef1 \u0111oán ngày 2025-05-23 18:48:49.899237: temp=31, humidity=76.97, wind=2.56, condition=unknown
2025-05-21 18:48:49,919 - INFO - D\u1ef1 \u0111oán ngày 2025-05-24 18:48:49.899237: temp=30, humidity=69.01, wind=2.55, condition=unknown
2025-05-21 18:48:49,919 - INFO - D\u1ef1 \u0111oán cu\u1ed1i cùng: [{'date': '2025-05-22', 'temperature': 32, 'humidity': 67.19, 'wind_speed': 2.31, 'condition': 'unknown'}, {'date': '2025-05-23', 'temperature': 31, 'humidity': 76.97, 'wind_speed': 2.56, 'condition': 'unknown'}, {'date': '2025-05-24', 'temperature': 30, 'humidity': 69.01, 'wind_speed': 2.55, 'condition': 'unknown'}]
2025-05-21 18:48:49,920 - INFO - 127.0.0.1 - - [21/May/2025 18:48:49] "POST /predict HTTP/1.1" 200 -
2025-05-21 18:51:25,117 - INFO - Yêu c\u1ea7u nh\u1eadn \u0111\u01b0\u1ee3c: {'historical_data': [{'date': '2025-05-21', 'temperature': 31.71, 'humidity': 68, 'wind_speed': 2.68, 'condition': 'light rain'}, {'date': '2025-05-20', 'temperature': 29.48, 'humidity': 75, 'wind_speed': 0.89, 'condition': 'broken clouds'}, {'date': '2025-05-18', 'temperature': 28.37, 'humidity': 80, 'wind_speed': 3.13, 'condition': 'overcast clouds'}, {'date': '2025-05-17', 'temperature': 31.71, 'humidity': 69, 'wind_speed': 1.34, 'condition': 'overcast clouds'}, {'date': '2025-05-16', 'temperature': 33.93, 'humidity': 65, 'wind_speed': 2.68, 'condition': 'overcast clouds'}, {'date': '2025-05-15', 'temperature': 30.04, 'humidity': 77, 'wind_speed': 2.24, 'condition': 'overcast clouds'}, {'date': '2025-05-14', 'temperature': 33.93, 'humidity': 66, 'wind_speed': 2.24, 'condition': 'overcast clouds'}], 'current_temp': 28.01, 'current_humidity': 89, 'current_condition': 'heavy intensity rain', 'current_wind_speed': 1.54, 'days_ahead': 3}
2025-05-21 18:51:25,124 - INFO - D\u1eef li\u1ec7u \u0111\u1ea7u vào:          date  temperature  humidity  wind_speed        condition
0  2025-05-21        31.71        68        2.68       light rain
1  2025-05-20        29.48        75        0.89    broken clouds
2  2025-05-18        28.37        80        3.13  overcast clouds
3  2025-05-17        31.71        69        1.34  overcast clouds
4  2025-05-16        33.93        65        2.68  overcast clouds
2025-05-21 18:51:25,124 - INFO - Mapping description 'light rain'
2025-05-21 18:51:25,125 - INFO - Matched rain -> 'rain'
2025-05-21 18:51:25,125 - INFO - Mapping description 'broken clouds'
2025-05-21 18:51:25,125 - INFO - Matched clouds -> 'clouds'
2025-05-21 18:51:25,125 - INFO - Mapping description 'overcast clouds'
2025-05-21 18:51:25,125 - INFO - Matched clouds -> 'clouds'
2025-05-21 18:51:25,125 - INFO - Mapping description 'overcast clouds'
2025-05-21 18:51:25,125 - INFO - Matched clouds -> 'clouds'
2025-05-21 18:51:25,125 - INFO - Mapping description 'overcast clouds'
2025-05-21 18:51:25,125 - INFO - Matched clouds -> 'clouds'
2025-05-21 18:51:25,125 - INFO - Mapping description 'overcast clouds'
2025-05-21 18:51:25,125 - INFO - Matched clouds -> 'clouds'
2025-05-21 18:51:25,125 - INFO - Mapping description 'overcast clouds'
2025-05-21 18:51:25,125 - INFO - Matched clouds -> 'clouds'
2025-05-21 18:51:25,128 - INFO - DataFrame columns after feature engineering: ['date', 'temperature', 'humidity', 'wind_speed', 'condition', 'day_of_week', 'month', 'temp_lag1', 'humidity_lag1', 'wind_speed_lag1']
2025-05-21 18:51:25,128 - INFO - Unique conditions after mapping: ['rain' 'clouds']
2025-05-21 18:51:25,139 - ERROR - L\u1ed7i hu\u1ea5n luy\u1ec7n model_condition: value 0 for Parameter num_class should be greater equal to 1
num_class: Number of output class in the multi-class classification.. \u0110\u1eb7t model_condition là None.
2025-05-21 18:51:25,199 - INFO - Hu\u1ea5n luy\u1ec7n mô hình thành công
2025-05-21 18:51:25,201 - INFO - Mapping description 'heavy intensity rain'
2025-05-21 18:51:25,201 - INFO - Matched rain -> 'rain'
2025-05-21 18:51:25,203 - INFO - D\u1ef1 \u0111oán ngày 2025-05-22 18:51:25.201672: temp=32, humidity=67.19, wind=2.31, condition=unknown
2025-05-21 18:51:25,205 - INFO - D\u1ef1 \u0111oán ngày 2025-05-23 18:51:25.201672: temp=31, humidity=76.97, wind=2.56, condition=unknown
2025-05-21 18:51:25,207 - INFO - D\u1ef1 \u0111oán ngày 2025-05-24 18:51:25.201672: temp=30, humidity=69.01, wind=2.55, condition=unknown
2025-05-21 18:51:25,207 - INFO - D\u1ef1 \u0111oán cu\u1ed1i cùng: [{'date': '2025-05-22', 'temperature': 32, 'humidity': 67.19, 'wind_speed': 2.31, 'condition': 'unknown'}, {'date': '2025-05-23', 'temperature': 31, 'humidity': 76.97, 'wind_speed': 2.56, 'condition': 'unknown'}, {'date': '2025-05-24', 'temperature': 30, 'humidity': 69.01, 'wind_speed': 2.55, 'condition': 'unknown'}]
2025-05-21 18:51:25,207 - INFO - 127.0.0.1 - - [21/May/2025 18:51:25] "POST /predict HTTP/1.1" 200 -
